<?xml version="1.0" encoding="utf-8"?>
<CoverageSession xmlns:xsd="http://www.w3.org/2001/XMLSchema" xmlns:xsi="http://www.w3.org/2001/XMLSchema-instance" Version="0.0.0.0">
  <Summary numSequencePoints="606" visitedSequencePoints="0" numBranchPoints="0" visitedBranchPoints="0" sequenceCoverage="0.0" branchCoverage="0.0" maxCyclomaticComplexity="0" minCyclomaticComplexity="0" maxCrapScore="0" minCrapScore="0" visitedClasses="0" numClasses="15" visitedMethods="0" numMethods="64" />
  <Modules>
    <Module>
      <Summary numSequencePoints="606" visitedSequencePoints="0" numBranchPoints="0" visitedBranchPoints="0" sequenceCoverage="0.0" branchCoverage="0.0" maxCyclomaticComplexity="0" minCyclomaticComplexity="0" maxCrapScore="0" minCrapScore="0" visitedClasses="0" numClasses="15" visitedMethods="0" numMethods="64" />
      <ModuleTime>0001-01-01T00:00:00</ModuleTime>
      <ModuleName>Scripts</ModuleName>
      <Files>
        <File uid="1" fullPath="/Users/bennyjon/Unity/ParchisBoardGame2D/Assets/Scripts/BoardDefinition.cs" />
        <File uid="2" fullPath="/Users/bennyjon/Unity/ParchisBoardGame2D/Assets/Scripts/BoardDefinitionEditor.cs" />
        <File uid="3" fullPath="/Users/bennyjon/Unity/ParchisBoardGame2D/Assets/Scripts/BoardDefinitionGenerator.cs" />
        <File uid="4" fullPath="/Users/bennyjon/Unity/ParchisBoardGame2D/Assets/Scripts/BoardRules.cs" />
        <File uid="5" fullPath="/Users/bennyjon/Unity/ParchisBoardGame2D/Assets/Scripts/BoardView.cs" />
        <File uid="6" fullPath="/Users/bennyjon/Unity/ParchisBoardGame2D/Assets/Scripts/Clickable2D.cs" />
        <File uid="7" fullPath="/Users/bennyjon/Unity/ParchisBoardGame2D/Assets/Scripts/DiceButton.cs" />
        <File uid="8" fullPath="/Users/bennyjon/Unity/ParchisBoardGame2D/Assets/Scripts/GameManager.cs" />
        <File uid="9" fullPath="/Users/bennyjon/Unity/ParchisBoardGame2D/Assets/Scripts/GameStateMachine.cs" />
        <File uid="10" fullPath="/Users/bennyjon/Unity/ParchisBoardGame2D/Assets/Scripts/InputController.cs" />
        <File uid="11" fullPath="/Users/bennyjon/Unity/ParchisBoardGame2D/Assets/Scripts/MoveOption.cs" />
        <File uid="12" fullPath="/Users/bennyjon/Unity/ParchisBoardGame2D/Assets/Scripts/Piece.cs" />
        <File uid="13" fullPath="/Users/bennyjon/Unity/ParchisBoardGame2D/Assets/Scripts/Utils/ArrayUtils.cs" />
      </Files>
      <Classes>
        <Class>
          <Summary numSequencePoints="29" visitedSequencePoints="0" numBranchPoints="0" visitedBranchPoints="0" sequenceCoverage="0.0" branchCoverage="0.0" maxCyclomaticComplexity="0" minCyclomaticComplexity="0" maxCrapScore="0" minCrapScore="0" visitedClasses="0" numClasses="1" visitedMethods="0" numMethods="5" />
          <FullName>BoardDefinition</FullName>
          <Methods>
            <Method visited="false" cyclomaticComplexity="0" nPathComplexity="0" sequenceCoverage="0.0" branchCoverage="0" crapScore="0" isConstructor="false" isStatic="false" isGetter="false" isSetter="false">
              <Summary numSequencePoints="3" visitedSequencePoints="0" numBranchPoints="0" visitedBranchPoints="0" sequenceCoverage="0.0" branchCoverage="0" maxCyclomaticComplexity="0" minCyclomaticComplexity="0" maxCrapScore="0" minCrapScore="0" visitedClasses="0" numClasses="0" visitedMethods="0" numMethods="1" />
              <MetadataToken>100663297</MetadataToken>
              <Name>System.Int32[] BoardDefinition::GetHomeEntryTilesIndex()</Name>
              <FileRef uid="1" />
              <SequencePoints>
                <SequencePoint vc="0" uspid="6163" ordinal="0" offset="0" sl="17" sc="5" el="17" ec="5" bec="0" bev="0" fileid="1" />
                <SequencePoint vc="0" uspid="6164" ordinal="0" offset="1" sl="18" sc="9" el="18" ec="9" bec="0" bev="0" fileid="1" />
                <SequencePoint vc="0" uspid="6165" ordinal="0" offset="21" sl="19" sc="5" el="19" ec="5" bec="0" bev="0" fileid="1" />
              </SequencePoints>
              <BranchPoints />
            </Method>
            <Method visited="false" cyclomaticComplexity="0" nPathComplexity="0" sequenceCoverage="0.0" branchCoverage="0" crapScore="0" isConstructor="false" isStatic="false" isGetter="false" isSetter="false">
              <Summary numSequencePoints="3" visitedSequencePoints="0" numBranchPoints="0" visitedBranchPoints="0" sequenceCoverage="0.0" branchCoverage="0" maxCyclomaticComplexity="0" minCyclomaticComplexity="0" maxCrapScore="0" minCrapScore="0" visitedClasses="0" numClasses="0" visitedMethods="0" numMethods="1" />
              <MetadataToken>100663298</MetadataToken>
              <Name>System.Int32[] BoardDefinition::GetStartTilesIndex()</Name>
              <FileRef uid="1" />
              <SequencePoints>
                <SequencePoint vc="0" uspid="6166" ordinal="0" offset="0" sl="22" sc="5" el="22" ec="5" bec="0" bev="0" fileid="1" />
                <SequencePoint vc="0" uspid="6167" ordinal="0" offset="1" sl="23" sc="9" el="23" ec="9" bec="0" bev="0" fileid="1" />
                <SequencePoint vc="0" uspid="6168" ordinal="0" offset="21" sl="24" sc="5" el="24" ec="5" bec="0" bev="0" fileid="1" />
              </SequencePoints>
              <BranchPoints />
            </Method>
            <Method visited="false" cyclomaticComplexity="0" nPathComplexity="0" sequenceCoverage="0.0" branchCoverage="0" crapScore="0" isConstructor="false" isStatic="false" isGetter="false" isSetter="false">
              <Summary numSequencePoints="18" visitedSequencePoints="0" numBranchPoints="0" visitedBranchPoints="0" sequenceCoverage="0.0" branchCoverage="0" maxCyclomaticComplexity="0" minCyclomaticComplexity="0" maxCrapScore="0" minCrapScore="0" visitedClasses="0" numClasses="0" visitedMethods="0" numMethods="1" />
              <MetadataToken>100663299</MetadataToken>
              <Name>System.Int32[] BoardDefinition::GetFirstHomeRowTilesIndex()</Name>
              <FileRef uid="1" />
              <SequencePoints>
                <SequencePoint vc="0" uspid="6169" ordinal="0" offset="0" sl="32" sc="5" el="32" ec="5" bec="0" bev="0" fileid="1" />
                <SequencePoint vc="0" uspid="6170" ordinal="0" offset="1" sl="33" sc="9" el="33" ec="9" bec="0" bev="0" fileid="1" />
                <SequencePoint vc="0" uspid="6171" ordinal="0" offset="7" sl="35" sc="9" el="35" ec="9" bec="0" bev="0" fileid="1" />
                <SequencePoint vc="0" uspid="6172" ordinal="0" offset="9" sl="36" sc="14" el="36" ec="14" bec="0" bev="0" fileid="1" />
                <SequencePoint vc="0" uspid="6173" ordinal="0" offset="13" sl="37" sc="9" el="37" ec="9" bec="0" bev="0" fileid="1" />
                <SequencePoint vc="0" uspid="6174" ordinal="0" offset="14" sl="38" sc="13" el="38" ec="13" bec="0" bev="0" fileid="1" />
                <SequencePoint vc="0" uspid="6175" ordinal="0" offset="50" sl="39" sc="13" el="39" ec="13" bec="0" bev="0" fileid="1" />
                <SequencePoint vc="0" uspid="6176" ordinal="0" offset="51" sl="40" sc="17" el="40" ec="17" bec="0" bev="0" fileid="1" />
                <SequencePoint vc="0" uspid="6177" ordinal="0" offset="59" sl="41" sc="13" el="41" ec="13" bec="0" bev="0" fileid="1" />
                <SequencePoint vc="0" uspid="6178" ordinal="0" offset="62" sl="41" sc="20" el="41" ec="20" bec="0" bev="0" fileid="1" />
                <SequencePoint vc="0" uspid="6179" ordinal="0" offset="88" sl="42" sc="13" el="42" ec="13" bec="0" bev="0" fileid="1" />
                <SequencePoint vc="0" uspid="6180" ordinal="0" offset="89" sl="43" sc="17" el="43" ec="17" bec="0" bev="0" fileid="1" />
                <SequencePoint vc="0" uspid="6181" ordinal="0" offset="93" sl="44" sc="13" el="44" ec="13" bec="0" bev="0" fileid="1" />
                <SequencePoint vc="0" uspid="6182" ordinal="0" offset="94" sl="45" sc="9" el="45" ec="9" bec="0" bev="0" fileid="1" />
                <SequencePoint vc="0" uspid="6183" ordinal="0" offset="95" sl="36" sc="42" el="36" ec="42" bec="0" bev="0" fileid="1" />
                <SequencePoint vc="0" uspid="6184" ordinal="0" offset="99" sl="36" sc="25" el="36" ec="25" bec="0" bev="0" fileid="1" />
                <SequencePoint vc="0" uspid="6185" ordinal="0" offset="119" sl="47" sc="9" el="47" ec="9" bec="0" bev="0" fileid="1" />
                <SequencePoint vc="0" uspid="6186" ordinal="0" offset="129" sl="48" sc="5" el="48" ec="5" bec="0" bev="0" fileid="1" />
              </SequencePoints>
              <BranchPoints />
            </Method>
            <Method visited="false" cyclomaticComplexity="0" nPathComplexity="0" sequenceCoverage="0.0" branchCoverage="0" crapScore="0" isConstructor="true" isStatic="false" isGetter="false" isSetter="false">
              <Summary numSequencePoints="1" visitedSequencePoints="0" numBranchPoints="0" visitedBranchPoints="0" sequenceCoverage="0.0" branchCoverage="0" maxCyclomaticComplexity="0" minCyclomaticComplexity="0" maxCrapScore="0" minCrapScore="0" visitedClasses="0" numClasses="0" visitedMethods="0" numMethods="1" />
              <MetadataToken>100663300</MetadataToken>
              <Name>BoardDefinition::BoardDefinition()</Name>
              <FileRef uid="1" />
              <SequencePoints>
                <SequencePoint vc="0" uspid="6187" ordinal="0" offset="0" sl="14" sc="5" el="14" ec="5" bec="0" bev="0" fileid="1" />
              </SequencePoints>
              <BranchPoints />
            </Method>
            <Method visited="false" cyclomaticComplexity="0" nPathComplexity="0" sequenceCoverage="0.0" branchCoverage="0" crapScore="0" isConstructor="true" isStatic="true" isGetter="false" isSetter="false">
              <Summary numSequencePoints="4" visitedSequencePoints="0" numBranchPoints="0" visitedBranchPoints="0" sequenceCoverage="0.0" branchCoverage="0" maxCyclomaticComplexity="0" minCyclomaticComplexity="0" maxCrapScore="0" minCrapScore="0" visitedClasses="0" numClasses="0" visitedMethods="0" numMethods="1" />
              <MetadataToken>100663301</MetadataToken>
              <Name>static BoardDefinition::BoardDefinition()</Name>
              <FileRef uid="1" />
              <SequencePoints>
                <SequencePoint vc="0" uspid="6188" ordinal="0" offset="0" sl="8" sc="5" el="8" ec="5" bec="0" bev="0" fileid="1" />
                <SequencePoint vc="0" uspid="6189" ordinal="0" offset="7" sl="9" sc="5" el="9" ec="5" bec="0" bev="0" fileid="1" />
                <SequencePoint vc="0" uspid="6190" ordinal="0" offset="13" sl="10" sc="5" el="10" ec="5" bec="0" bev="0" fileid="1" />
                <SequencePoint vc="0" uspid="6191" ordinal="0" offset="19" sl="12" sc="5" el="12" ec="5" bec="0" bev="0" fileid="1" />
              </SequencePoints>
              <BranchPoints />
            </Method>
          </Methods>
        </Class>
        <Class>
          <Summary numSequencePoints="10" visitedSequencePoints="0" numBranchPoints="0" visitedBranchPoints="0" sequenceCoverage="0.0" branchCoverage="0.0" maxCyclomaticComplexity="0" minCyclomaticComplexity="0" maxCrapScore="0" minCrapScore="0" visitedClasses="0" numClasses="1" visitedMethods="0" numMethods="1" />
          <FullName>BoardDefinitionEditor</FullName>
          <Methods>
            <Method visited="false" cyclomaticComplexity="0" nPathComplexity="0" sequenceCoverage="0.0" branchCoverage="0" crapScore="0" isConstructor="false" isStatic="false" isGetter="false" isSetter="false">
              <Summary numSequencePoints="10" visitedSequencePoints="0" numBranchPoints="0" visitedBranchPoints="0" sequenceCoverage="0.0" branchCoverage="0" maxCyclomaticComplexity="0" minCyclomaticComplexity="0" maxCrapScore="0" minCrapScore="0" visitedClasses="0" numClasses="0" visitedMethods="0" numMethods="1" />
              <MetadataToken>100663302</MetadataToken>
              <Name>System.Void BoardDefinitionEditor::OnInspectorGUI()</Name>
              <FileRef uid="2" />
              <SequencePoints>
                <SequencePoint vc="0" uspid="6192" ordinal="0" offset="0" sl="8" sc="0" el="8" ec="0" bec="0" bev="0" fileid="2" />
                <SequencePoint vc="0" uspid="6193" ordinal="0" offset="1" sl="9" sc="0" el="9" ec="0" bec="0" bev="0" fileid="2" />
                <SequencePoint vc="0" uspid="6194" ordinal="0" offset="8" sl="11" sc="0" el="11" ec="0" bec="0" bev="0" fileid="2" />
                <SequencePoint vc="0" uspid="6195" ordinal="0" offset="20" sl="13" sc="0" el="13" ec="0" bec="0" bev="0" fileid="2" />
                <SequencePoint vc="0" uspid="6196" ordinal="0" offset="31" sl="15" sc="0" el="15" ec="0" bec="0" bev="0" fileid="2" />
                <SequencePoint vc="0" uspid="6197" ordinal="0" offset="65" sl="16" sc="0" el="16" ec="0" bec="0" bev="0" fileid="2" />
                <SequencePoint vc="0" uspid="6198" ordinal="0" offset="66" sl="17" sc="0" el="17" ec="0" bec="0" bev="0" fileid="2" />
                <SequencePoint vc="0" uspid="6199" ordinal="0" offset="73" sl="18" sc="0" el="18" ec="0" bec="0" bev="0" fileid="2" />
                <SequencePoint vc="0" uspid="6200" ordinal="0" offset="80" sl="19" sc="0" el="19" ec="0" bec="0" bev="0" fileid="2" />
                <SequencePoint vc="0" uspid="6201" ordinal="0" offset="81" sl="20" sc="0" el="20" ec="0" bec="0" bev="0" fileid="2" />
              </SequencePoints>
              <BranchPoints />
            </Method>
          </Methods>
        </Class>
        <Class>
          <Summary numSequencePoints="43" visitedSequencePoints="0" numBranchPoints="0" visitedBranchPoints="0" sequenceCoverage="0.0" branchCoverage="0.0" maxCyclomaticComplexity="0" minCyclomaticComplexity="0" maxCrapScore="0" minCrapScore="0" visitedClasses="0" numClasses="1" visitedMethods="0" numMethods="3" />
          <FullName>BoardDefinitionGenerator</FullName>
          <Methods>
            <Method visited="false" cyclomaticComplexity="0" nPathComplexity="0" sequenceCoverage="0.0" branchCoverage="0" crapScore="0" isConstructor="false" isStatic="true" isGetter="false" isSetter="false">
              <Summary numSequencePoints="26" visitedSequencePoints="0" numBranchPoints="0" visitedBranchPoints="0" sequenceCoverage="0.0" branchCoverage="0" maxCyclomaticComplexity="0" minCyclomaticComplexity="0" maxCrapScore="0" minCrapScore="0" visitedClasses="0" numClasses="0" visitedMethods="0" numMethods="1" />
              <MetadataToken>100663304</MetadataToken>
              <Name>static System.Void BoardDefinitionGenerator::GenerateFullBoard(BoardDefinition)</Name>
              <FileRef uid="3" />
              <SequencePoints>
                <SequencePoint vc="0" uspid="6202" ordinal="0" offset="0" sl="6" sc="5" el="6" ec="5" bec="0" bev="0" fileid="3" />
                <SequencePoint vc="0" uspid="6203" ordinal="0" offset="1" sl="7" sc="9" el="7" ec="9" bec="0" bev="0" fileid="3" />
                <SequencePoint vc="0" uspid="6204" ordinal="0" offset="13" sl="9" sc="14" el="9" ec="14" bec="0" bev="0" fileid="3" />
                <SequencePoint vc="0" uspid="6205" ordinal="0" offset="17" sl="10" sc="9" el="10" ec="9" bec="0" bev="0" fileid="3" />
                <SequencePoint vc="0" uspid="6206" ordinal="0" offset="18" sl="11" sc="13" el="11" ec="13" bec="0" bev="0" fileid="3" />
                <SequencePoint vc="0" uspid="6207" ordinal="0" offset="56" sl="17" sc="9" el="17" ec="9" bec="0" bev="0" fileid="3" />
                <SequencePoint vc="0" uspid="6208" ordinal="0" offset="57" sl="9" sc="58" el="9" ec="58" bec="0" bev="0" fileid="3" />
                <SequencePoint vc="0" uspid="6209" ordinal="0" offset="61" sl="9" sc="25" el="9" ec="25" bec="0" bev="0" fileid="3" />
                <SequencePoint vc="0" uspid="6210" ordinal="0" offset="73" sl="20" sc="9" el="20" ec="9" bec="0" bev="0" fileid="3" />
                <SequencePoint vc="0" uspid="6211" ordinal="0" offset="83" sl="21" sc="9" el="21" ec="9" bec="0" bev="0" fileid="3" />
                <SequencePoint vc="0" uspid="6212" ordinal="0" offset="94" sl="22" sc="9" el="22" ec="9" bec="0" bev="0" fileid="3" />
                <SequencePoint vc="0" uspid="6213" ordinal="0" offset="105" sl="23" sc="9" el="23" ec="9" bec="0" bev="0" fileid="3" />
                <SequencePoint vc="0" uspid="6214" ordinal="0" offset="116" sl="26" sc="9" el="26" ec="9" bec="0" bev="0" fileid="3" />
                <SequencePoint vc="0" uspid="6215" ordinal="0" offset="127" sl="27" sc="9" el="27" ec="9" bec="0" bev="0" fileid="3" />
                <SequencePoint vc="0" uspid="6216" ordinal="0" offset="138" sl="28" sc="9" el="28" ec="9" bec="0" bev="0" fileid="3" />
                <SequencePoint vc="0" uspid="6217" ordinal="0" offset="149" sl="29" sc="9" el="29" ec="9" bec="0" bev="0" fileid="3" />
                <SequencePoint vc="0" uspid="6218" ordinal="0" offset="160" sl="32" sc="9" el="32" ec="9" bec="0" bev="0" fileid="3" />
                <SequencePoint vc="0" uspid="6219" ordinal="0" offset="171" sl="33" sc="9" el="33" ec="9" bec="0" bev="0" fileid="3" />
                <SequencePoint vc="0" uspid="6220" ordinal="0" offset="182" sl="34" sc="9" el="34" ec="9" bec="0" bev="0" fileid="3" />
                <SequencePoint vc="0" uspid="6221" ordinal="0" offset="193" sl="35" sc="9" el="35" ec="9" bec="0" bev="0" fileid="3" />
                <SequencePoint vc="0" uspid="6222" ordinal="0" offset="204" sl="38" sc="9" el="38" ec="9" bec="0" bev="0" fileid="3" />
                <SequencePoint vc="0" uspid="6223" ordinal="0" offset="214" sl="39" sc="9" el="39" ec="9" bec="0" bev="0" fileid="3" />
                <SequencePoint vc="0" uspid="6224" ordinal="0" offset="224" sl="40" sc="9" el="40" ec="9" bec="0" bev="0" fileid="3" />
                <SequencePoint vc="0" uspid="6225" ordinal="0" offset="234" sl="41" sc="9" el="41" ec="9" bec="0" bev="0" fileid="3" />
                <SequencePoint vc="0" uspid="6226" ordinal="0" offset="244" sl="43" sc="9" el="43" ec="9" bec="0" bev="0" fileid="3" />
                <SequencePoint vc="0" uspid="6227" ordinal="0" offset="270" sl="44" sc="5" el="44" ec="5" bec="0" bev="0" fileid="3" />
              </SequencePoints>
              <BranchPoints />
            </Method>
            <Method visited="false" cyclomaticComplexity="0" nPathComplexity="0" sequenceCoverage="0.0" branchCoverage="0" crapScore="0" isConstructor="false" isStatic="true" isGetter="false" isSetter="false">
              <Summary numSequencePoints="8" visitedSequencePoints="0" numBranchPoints="0" visitedBranchPoints="0" sequenceCoverage="0.0" branchCoverage="0" maxCyclomaticComplexity="0" minCyclomaticComplexity="0" maxCrapScore="0" minCrapScore="0" visitedClasses="0" numClasses="0" visitedMethods="0" numMethods="1" />
              <MetadataToken>100663305</MetadataToken>
              <Name>static System.Void BoardDefinitionGenerator::SetTile(BoardDefinition, System.Int32, TileType, System.Int32)</Name>
              <FileRef uid="3" />
              <SequencePoints>
                <SequencePoint vc="0" uspid="6228" ordinal="0" offset="0" sl="47" sc="5" el="47" ec="5" bec="0" bev="0" fileid="3" />
                <SequencePoint vc="0" uspid="6229" ordinal="0" offset="1" sl="48" sc="9" el="48" ec="9" bec="0" bev="0" fileid="3" />
                <SequencePoint vc="0" uspid="6230" ordinal="0" offset="29" sl="49" sc="9" el="49" ec="9" bec="0" bev="0" fileid="3" />
                <SequencePoint vc="0" uspid="6231" ordinal="0" offset="30" sl="50" sc="13" el="50" ec="13" bec="0" bev="0" fileid="3" />
                <SequencePoint vc="0" uspid="6232" ordinal="0" offset="64" sl="51" sc="9" el="51" ec="9" bec="0" bev="0" fileid="3" />
                <SequencePoint vc="0" uspid="6233" ordinal="0" offset="65" sl="53" sc="9" el="53" ec="9" bec="0" bev="0" fileid="3" />
                <SequencePoint vc="0" uspid="6234" ordinal="0" offset="83" sl="54" sc="9" el="54" ec="9" bec="0" bev="0" fileid="3" />
                <SequencePoint vc="0" uspid="6235" ordinal="0" offset="101" sl="55" sc="5" el="55" ec="5" bec="0" bev="0" fileid="3" />
              </SequencePoints>
              <BranchPoints />
            </Method>
            <Method visited="false" cyclomaticComplexity="0" nPathComplexity="0" sequenceCoverage="0.0" branchCoverage="0" crapScore="0" isConstructor="false" isStatic="true" isGetter="false" isSetter="false">
              <Summary numSequencePoints="9" visitedSequencePoints="0" numBranchPoints="0" visitedBranchPoints="0" sequenceCoverage="0.0" branchCoverage="0" maxCyclomaticComplexity="0" minCyclomaticComplexity="0" maxCrapScore="0" minCrapScore="0" visitedClasses="0" numClasses="0" visitedMethods="0" numMethods="1" />
              <MetadataToken>100663306</MetadataToken>
              <Name>static System.Void BoardDefinitionGenerator::SetHomeColumTilesFrom(BoardDefinition, System.Int32, System.Int32)</Name>
              <FileRef uid="3" />
              <SequencePoints>
                <SequencePoint vc="0" uspid="6236" ordinal="0" offset="0" sl="58" sc="5" el="58" ec="5" bec="0" bev="0" fileid="3" />
                <SequencePoint vc="0" uspid="6237" ordinal="0" offset="1" sl="59" sc="14" el="59" ec="14" bec="0" bev="0" fileid="3" />
                <SequencePoint vc="0" uspid="6238" ordinal="0" offset="5" sl="60" sc="9" el="60" ec="9" bec="0" bev="0" fileid="3" />
                <SequencePoint vc="0" uspid="6239" ordinal="0" offset="6" sl="61" sc="13" el="61" ec="13" bec="0" bev="0" fileid="3" />
                <SequencePoint vc="0" uspid="6240" ordinal="0" offset="18" sl="62" sc="9" el="62" ec="9" bec="0" bev="0" fileid="3" />
                <SequencePoint vc="0" uspid="6241" ordinal="0" offset="19" sl="59" sc="65" el="59" ec="65" bec="0" bev="0" fileid="3" />
                <SequencePoint vc="0" uspid="6242" ordinal="0" offset="23" sl="59" sc="25" el="59" ec="25" bec="0" bev="0" fileid="3" />
                <SequencePoint vc="0" uspid="6243" ordinal="0" offset="37" sl="64" sc="9" el="64" ec="9" bec="0" bev="0" fileid="3" />
                <SequencePoint vc="0" uspid="6244" ordinal="0" offset="55" sl="65" sc="5" el="65" ec="5" bec="0" bev="0" fileid="3" />
              </SequencePoints>
              <BranchPoints />
            </Method>
          </Methods>
        </Class>
        <Class>
          <Summary numSequencePoints="59" visitedSequencePoints="0" numBranchPoints="0" visitedBranchPoints="0" sequenceCoverage="0.0" branchCoverage="0.0" maxCyclomaticComplexity="0" minCyclomaticComplexity="0" maxCrapScore="0" minCrapScore="0" visitedClasses="0" numClasses="1" visitedMethods="0" numMethods="4" />
          <FullName>BoardRules</FullName>
          <Methods>
            <Method visited="false" cyclomaticComplexity="0" nPathComplexity="0" sequenceCoverage="0.0" branchCoverage="0" crapScore="0" isConstructor="false" isStatic="false" isGetter="false" isSetter="false">
              <Summary numSequencePoints="1" visitedSequencePoints="0" numBranchPoints="0" visitedBranchPoints="0" sequenceCoverage="0.0" branchCoverage="0" maxCyclomaticComplexity="0" minCyclomaticComplexity="0" maxCrapScore="0" minCrapScore="0" visitedClasses="0" numClasses="0" visitedMethods="0" numMethods="1" />
              <MetadataToken>100663309</MetadataToken>
              <Name>System.Int32 BoardRules::GetStartTile(System.Int32)</Name>
              <FileRef uid="4" />
              <SequencePoints>
                <SequencePoint vc="0" uspid="6245" ordinal="0" offset="0" sl="27" sc="49" el="27" ec="49" bec="0" bev="0" fileid="4" />
              </SequencePoints>
              <BranchPoints />
            </Method>
            <Method visited="false" cyclomaticComplexity="0" nPathComplexity="0" sequenceCoverage="0.0" branchCoverage="0" crapScore="0" isConstructor="false" isStatic="false" isGetter="false" isSetter="false">
              <Summary numSequencePoints="46" visitedSequencePoints="0" numBranchPoints="0" visitedBranchPoints="0" sequenceCoverage="0.0" branchCoverage="0" maxCyclomaticComplexity="0" minCyclomaticComplexity="0" maxCrapScore="0" minCrapScore="0" visitedClasses="0" numClasses="0" visitedMethods="0" numMethods="1" />
              <MetadataToken>100663310</MetadataToken>
              <Name>System.Int32 BoardRules::TryGetTargetTileIndex(Piece, System.Int32)</Name>
              <FileRef uid="4" />
              <SequencePoints>
                <SequencePoint vc="0" uspid="6246" ordinal="0" offset="0" sl="31" sc="5" el="31" ec="5" bec="0" bev="0" fileid="4" />
                <SequencePoint vc="0" uspid="6247" ordinal="0" offset="1" sl="32" sc="9" el="32" ec="9" bec="0" bev="0" fileid="4" />
                <SequencePoint vc="0" uspid="6248" ordinal="0" offset="8" sl="35" sc="9" el="35" ec="9" bec="0" bev="0" fileid="4" />
                <SequencePoint vc="0" uspid="6249" ordinal="0" offset="23" sl="36" sc="9" el="36" ec="9" bec="0" bev="0" fileid="4" />
                <SequencePoint vc="0" uspid="6250" ordinal="0" offset="24" sl="37" sc="13" el="37" ec="13" bec="0" bev="0" fileid="4" />
                <SequencePoint vc="0" uspid="6251" ordinal="0" offset="37" sl="37" sc="29" el="37" ec="29" bec="0" bev="0" fileid="4" />
                <SequencePoint vc="0" uspid="6252" ordinal="0" offset="49" sl="38" sc="13" el="38" ec="13" bec="0" bev="0" fileid="4" />
                <SequencePoint vc="0" uspid="6253" ordinal="0" offset="63" sl="39" sc="13" el="39" ec="13" bec="0" bev="0" fileid="4" />
                <SequencePoint vc="0" uspid="6254" ordinal="0" offset="64" sl="40" sc="17" el="40" ec="17" bec="0" bev="0" fileid="4" />
                <SequencePoint vc="0" uspid="6255" ordinal="0" offset="83" sl="43" sc="13" el="43" ec="13" bec="0" bev="0" fileid="4" />
                <SequencePoint vc="0" uspid="6256" ordinal="0" offset="95" sl="46" sc="9" el="46" ec="9" bec="0" bev="0" fileid="4" />
                <SequencePoint vc="0" uspid="6257" ordinal="0" offset="102" sl="47" sc="9" el="47" ec="9" bec="0" bev="0" fileid="4" />
                <SequencePoint vc="0" uspid="6258" ordinal="0" offset="120" sl="50" sc="9" el="50" ec="9" bec="0" bev="0" fileid="4" />
                <SequencePoint vc="0" uspid="6259" ordinal="0" offset="135" sl="51" sc="9" el="51" ec="9" bec="0" bev="0" fileid="4" />
                <SequencePoint vc="0" uspid="6260" ordinal="0" offset="136" sl="52" sc="13" el="52" ec="13" bec="0" bev="0" fileid="4" />
                <SequencePoint vc="0" uspid="6261" ordinal="0" offset="148" sl="56" sc="9" el="56" ec="9" bec="0" bev="0" fileid="4" />
                <SequencePoint vc="0" uspid="6262" ordinal="0" offset="163" sl="57" sc="9" el="57" ec="9" bec="0" bev="0" fileid="4" />
                <SequencePoint vc="0" uspid="6263" ordinal="0" offset="164" sl="58" sc="13" el="58" ec="13" bec="0" bev="0" fileid="4" />
                <SequencePoint vc="0" uspid="6264" ordinal="0" offset="174" sl="59" sc="13" el="59" ec="13" bec="0" bev="0" fileid="4" />
                <SequencePoint vc="0" uspid="6265" ordinal="0" offset="180" sl="60" sc="13" el="60" ec="13" bec="0" bev="0" fileid="4" />
                <SequencePoint vc="0" uspid="6266" ordinal="0" offset="186" sl="62" sc="13" el="62" ec="13" bec="0" bev="0" fileid="4" />
                <SequencePoint vc="0" uspid="6267" ordinal="0" offset="203" sl="63" sc="13" el="63" ec="13" bec="0" bev="0" fileid="4" />
                <SequencePoint vc="0" uspid="6268" ordinal="0" offset="204" sl="64" sc="17" el="64" ec="17" bec="0" bev="0" fileid="4" />
                <SequencePoint vc="0" uspid="6269" ordinal="0" offset="216" sl="67" sc="13" el="67" ec="13" bec="0" bev="0" fileid="4" />
                <SequencePoint vc="0" uspid="6270" ordinal="0" offset="228" sl="71" sc="9" el="71" ec="9" bec="0" bev="0" fileid="4" />
                <SequencePoint vc="0" uspid="6271" ordinal="0" offset="230" sl="72" sc="14" el="72" ec="14" bec="0" bev="0" fileid="4" />
                <SequencePoint vc="0" uspid="6272" ordinal="0" offset="235" sl="73" sc="9" el="73" ec="9" bec="0" bev="0" fileid="4" />
                <SequencePoint vc="0" uspid="6273" ordinal="0" offset="236" sl="74" sc="13" el="74" ec="13" bec="0" bev="0" fileid="4" />
                <SequencePoint vc="0" uspid="6274" ordinal="0" offset="253" sl="75" sc="13" el="75" ec="13" bec="0" bev="0" fileid="4" />
                <SequencePoint vc="0" uspid="6275" ordinal="0" offset="254" sl="76" sc="17" el="76" ec="17" bec="0" bev="0" fileid="4" />
                <SequencePoint vc="0" uspid="6276" ordinal="0" offset="263" sl="77" sc="13" el="77" ec="13" bec="0" bev="0" fileid="4" />
                <SequencePoint vc="0" uspid="6277" ordinal="0" offset="266" sl="78" sc="18" el="78" ec="18" bec="0" bev="0" fileid="4" />
                <SequencePoint vc="0" uspid="6278" ordinal="0" offset="280" sl="79" sc="13" el="79" ec="13" bec="0" bev="0" fileid="4" />
                <SequencePoint vc="0" uspid="6279" ordinal="0" offset="281" sl="80" sc="17" el="80" ec="17" bec="0" bev="0" fileid="4" />
                <SequencePoint vc="0" uspid="6280" ordinal="0" offset="291" sl="81" sc="13" el="81" ec="13" bec="0" bev="0" fileid="4" />
                <SequencePoint vc="0" uspid="6281" ordinal="0" offset="294" sl="82" sc="13" el="82" ec="13" bec="0" bev="0" fileid="4" />
                <SequencePoint vc="0" uspid="6282" ordinal="0" offset="295" sl="83" sc="17" el="83" ec="17" bec="0" bev="0" fileid="4" />
                <SequencePoint vc="0" uspid="6283" ordinal="0" offset="299" sl="84" sc="13" el="84" ec="13" bec="0" bev="0" fileid="4" />
                <SequencePoint vc="0" uspid="6284" ordinal="0" offset="300" sl="85" sc="9" el="85" ec="9" bec="0" bev="0" fileid="4" />
                <SequencePoint vc="0" uspid="6285" ordinal="0" offset="301" sl="72" sc="36" el="72" ec="36" bec="0" bev="0" fileid="4" />
                <SequencePoint vc="0" uspid="6286" ordinal="0" offset="307" sl="72" sc="25" el="72" ec="25" bec="0" bev="0" fileid="4" />
                <SequencePoint vc="0" uspid="6287" ordinal="0" offset="318" sl="87" sc="9" el="87" ec="9" bec="0" bev="0" fileid="4" />
                <SequencePoint vc="0" uspid="6288" ordinal="0" offset="343" sl="88" sc="9" el="88" ec="9" bec="0" bev="0" fileid="4" />
                <SequencePoint vc="0" uspid="6289" ordinal="0" offset="344" sl="89" sc="13" el="89" ec="13" bec="0" bev="0" fileid="4" />
                <SequencePoint vc="0" uspid="6290" ordinal="0" offset="353" sl="92" sc="9" el="92" ec="9" bec="0" bev="0" fileid="4" />
                <SequencePoint vc="0" uspid="6291" ordinal="0" offset="358" sl="93" sc="5" el="93" ec="5" bec="0" bev="0" fileid="4" />
              </SequencePoints>
              <BranchPoints />
            </Method>
            <Method visited="false" cyclomaticComplexity="0" nPathComplexity="0" sequenceCoverage="0.0" branchCoverage="0" crapScore="0" isConstructor="true" isStatic="false" isGetter="false" isSetter="false">
              <Summary numSequencePoints="10" visitedSequencePoints="0" numBranchPoints="0" visitedBranchPoints="0" sequenceCoverage="0.0" branchCoverage="0" maxCyclomaticComplexity="0" minCyclomaticComplexity="0" maxCrapScore="0" minCrapScore="0" visitedClasses="0" numClasses="0" visitedMethods="0" numMethods="1" />
              <MetadataToken>100663308</MetadataToken>
              <Name>BoardRules::BoardRules(BoardDefinition)</Name>
              <FileRef uid="4" />
              <SequencePoints>
                <SequencePoint vc="0" uspid="6292" ordinal="0" offset="0" sl="14" sc="5" el="14" ec="5" bec="0" bev="0" fileid="4" />
                <SequencePoint vc="0" uspid="6293" ordinal="0" offset="7" sl="15" sc="5" el="15" ec="5" bec="0" bev="0" fileid="4" />
                <SequencePoint vc="0" uspid="6294" ordinal="0" offset="8" sl="16" sc="9" el="16" ec="9" bec="0" bev="0" fileid="4" />
                <SequencePoint vc="0" uspid="6295" ordinal="0" offset="15" sl="18" sc="9" el="18" ec="9" bec="0" bev="0" fileid="4" />
                <SequencePoint vc="0" uspid="6296" ordinal="0" offset="27" sl="19" sc="9" el="19" ec="9" bec="0" bev="0" fileid="4" />
                <SequencePoint vc="0" uspid="6297" ordinal="0" offset="39" sl="20" sc="9" el="20" ec="9" bec="0" bev="0" fileid="4" />
                <SequencePoint vc="0" uspid="6298" ordinal="0" offset="51" sl="22" sc="9" el="22" ec="9" bec="0" bev="0" fileid="4" />
                <SequencePoint vc="0" uspid="6299" ordinal="0" offset="78" sl="23" sc="9" el="23" ec="9" bec="0" bev="0" fileid="4" />
                <SequencePoint vc="0" uspid="6300" ordinal="0" offset="105" sl="24" sc="9" el="24" ec="9" bec="0" bev="0" fileid="4" />
                <SequencePoint vc="0" uspid="6301" ordinal="0" offset="132" sl="25" sc="5" el="25" ec="5" bec="0" bev="0" fileid="4" />
              </SequencePoints>
              <BranchPoints />
            </Method>
            <Method visited="false" cyclomaticComplexity="0" nPathComplexity="0" sequenceCoverage="0.0" branchCoverage="0" crapScore="0" isConstructor="true" isStatic="true" isGetter="false" isSetter="false">
              <Summary numSequencePoints="2" visitedSequencePoints="0" numBranchPoints="0" visitedBranchPoints="0" sequenceCoverage="0.0" branchCoverage="0" maxCyclomaticComplexity="0" minCyclomaticComplexity="0" maxCrapScore="0" minCrapScore="0" visitedClasses="0" numClasses="0" visitedMethods="0" numMethods="1" />
              <MetadataToken>100663311</MetadataToken>
              <Name>static BoardRules::BoardRules()</Name>
              <FileRef uid="4" />
              <SequencePoints>
                <SequencePoint vc="0" uspid="6302" ordinal="0" offset="0" sl="6" sc="5" el="6" ec="5" bec="0" bev="0" fileid="4" />
                <SequencePoint vc="0" uspid="6303" ordinal="0" offset="6" sl="7" sc="5" el="7" ec="5" bec="0" bev="0" fileid="4" />
              </SequencePoints>
              <BranchPoints />
            </Method>
          </Methods>
        </Class>
        <Class>
          <Summary numSequencePoints="80" visitedSequencePoints="0" numBranchPoints="0" visitedBranchPoints="0" sequenceCoverage="0.0" branchCoverage="0.0" maxCyclomaticComplexity="0" minCyclomaticComplexity="0" maxCrapScore="0" minCrapScore="0" visitedClasses="0" numClasses="1" visitedMethods="0" numMethods="5" />
          <FullName>BoardView</FullName>
          <Methods>
            <Method visited="false" cyclomaticComplexity="0" nPathComplexity="0" sequenceCoverage="0.0" branchCoverage="0" crapScore="0" isConstructor="false" isStatic="false" isGetter="false" isSetter="false">
              <Summary numSequencePoints="7" visitedSequencePoints="0" numBranchPoints="0" visitedBranchPoints="0" sequenceCoverage="0.0" branchCoverage="0" maxCyclomaticComplexity="0" minCyclomaticComplexity="0" maxCrapScore="0" minCrapScore="0" visitedClasses="0" numClasses="0" visitedMethods="0" numMethods="1" />
              <MetadataToken>100663313</MetadataToken>
              <Name>UnityEngine.Vector3 BoardView::GetTilePosition(System.Int32)</Name>
              <FileRef uid="5" />
              <SequencePoints>
                <SequencePoint vc="0" uspid="6304" ordinal="0" offset="0" sl="10" sc="0" el="10" ec="0" bec="0" bev="0" fileid="5" />
                <SequencePoint vc="0" uspid="6305" ordinal="0" offset="1" sl="11" sc="0" el="11" ec="0" bec="0" bev="0" fileid="5" />
                <SequencePoint vc="0" uspid="6306" ordinal="0" offset="26" sl="12" sc="0" el="12" ec="0" bec="0" bev="0" fileid="5" />
                <SequencePoint vc="0" uspid="6307" ordinal="0" offset="27" sl="13" sc="0" el="13" ec="0" bec="0" bev="0" fileid="5" />
                <SequencePoint vc="0" uspid="6308" ordinal="0" offset="49" sl="14" sc="0" el="14" ec="0" bec="0" bev="0" fileid="5" />
                <SequencePoint vc="0" uspid="6309" ordinal="0" offset="57" sl="17" sc="0" el="17" ec="0" bec="0" bev="0" fileid="5" />
                <SequencePoint vc="0" uspid="6310" ordinal="0" offset="73" sl="18" sc="0" el="18" ec="0" bec="0" bev="0" fileid="5" />
              </SequencePoints>
              <BranchPoints />
            </Method>
            <Method visited="false" cyclomaticComplexity="0" nPathComplexity="0" sequenceCoverage="0.0" branchCoverage="0" crapScore="0" isConstructor="false" isStatic="false" isGetter="false" isSetter="false">
              <Summary numSequencePoints="4" visitedSequencePoints="0" numBranchPoints="0" visitedBranchPoints="0" sequenceCoverage="0.0" branchCoverage="0" maxCyclomaticComplexity="0" minCyclomaticComplexity="0" maxCrapScore="0" minCrapScore="0" visitedClasses="0" numClasses="0" visitedMethods="0" numMethods="1" />
              <MetadataToken>100663314</MetadataToken>
              <Name>System.Void BoardView::AutoAssignTilesContextMenu()</Name>
              <FileRef uid="5" />
              <SequencePoints>
                <SequencePoint vc="0" uspid="6311" ordinal="0" offset="0" sl="22" sc="0" el="22" ec="0" bec="0" bev="0" fileid="5" />
                <SequencePoint vc="0" uspid="6312" ordinal="0" offset="1" sl="23" sc="0" el="23" ec="0" bec="0" bev="0" fileid="5" />
                <SequencePoint vc="0" uspid="6313" ordinal="0" offset="8" sl="24" sc="0" el="24" ec="0" bec="0" bev="0" fileid="5" />
                <SequencePoint vc="0" uspid="6314" ordinal="0" offset="15" sl="25" sc="0" el="25" ec="0" bec="0" bev="0" fileid="5" />
              </SequencePoints>
              <BranchPoints />
            </Method>
            <Method visited="false" cyclomaticComplexity="0" nPathComplexity="0" sequenceCoverage="0.0" branchCoverage="0" crapScore="0" isConstructor="false" isStatic="false" isGetter="false" isSetter="false">
              <Summary numSequencePoints="20" visitedSequencePoints="0" numBranchPoints="0" visitedBranchPoints="0" sequenceCoverage="0.0" branchCoverage="0" maxCyclomaticComplexity="0" minCyclomaticComplexity="0" maxCrapScore="0" minCrapScore="0" visitedClasses="0" numClasses="0" visitedMethods="0" numMethods="1" />
              <MetadataToken>100663315</MetadataToken>
              <Name>System.Void BoardView::AutoAssignTilesPoints()</Name>
              <FileRef uid="5" />
              <SequencePoints>
                <SequencePoint vc="0" uspid="6315" ordinal="0" offset="0" sl="28" sc="0" el="28" ec="0" bec="0" bev="0" fileid="5" />
                <SequencePoint vc="0" uspid="6316" ordinal="0" offset="1" sl="29" sc="0" el="29" ec="0" bec="0" bev="0" fileid="5" />
                <SequencePoint vc="0" uspid="6317" ordinal="0" offset="14" sl="30" sc="0" el="30" ec="0" bec="0" bev="0" fileid="5" />
                <SequencePoint vc="0" uspid="6318" ordinal="0" offset="21" sl="32" sc="0" el="32" ec="0" bec="0" bev="0" fileid="5" />
                <SequencePoint vc="0" uspid="6319" ordinal="0" offset="34" sl="33" sc="0" el="33" ec="0" bec="0" bev="0" fileid="5" />
                <SequencePoint vc="0" uspid="6320" ordinal="0" offset="41" sl="35" sc="0" el="35" ec="0" bec="0" bev="0" fileid="5" />
                <SequencePoint vc="0" uspid="6321" ordinal="0" offset="55" sl="37" sc="0" el="37" ec="0" bec="0" bev="0" fileid="5" />
                <SequencePoint vc="0" uspid="6322" ordinal="0" offset="60" sl="38" sc="0" el="38" ec="0" bec="0" bev="0" fileid="5" />
                <SequencePoint vc="0" uspid="6323" ordinal="0" offset="61" sl="39" sc="0" el="39" ec="0" bec="0" bev="0" fileid="5" />
                <SequencePoint vc="0" uspid="6324" ordinal="0" offset="78" sl="40" sc="0" el="40" ec="0" bec="0" bev="0" fileid="5" />
                <SequencePoint vc="0" uspid="6325" ordinal="0" offset="79" sl="37" sc="0" el="37" ec="0" bec="0" bev="0" fileid="5" />
                <SequencePoint vc="0" uspid="6326" ordinal="0" offset="85" sl="37" sc="0" el="37" ec="0" bec="0" bev="0" fileid="5" />
                <SequencePoint vc="0" uspid="6327" ordinal="0" offset="96" sl="42" sc="0" el="42" ec="0" bec="0" bev="0" fileid="5" />
                <SequencePoint vc="0" uspid="6328" ordinal="0" offset="101" sl="43" sc="0" el="43" ec="0" bec="0" bev="0" fileid="5" />
                <SequencePoint vc="0" uspid="6329" ordinal="0" offset="102" sl="44" sc="0" el="44" ec="0" bec="0" bev="0" fileid="5" />
                <SequencePoint vc="0" uspid="6330" ordinal="0" offset="121" sl="45" sc="0" el="45" ec="0" bec="0" bev="0" fileid="5" />
                <SequencePoint vc="0" uspid="6331" ordinal="0" offset="122" sl="42" sc="0" el="42" ec="0" bec="0" bev="0" fileid="5" />
                <SequencePoint vc="0" uspid="6332" ordinal="0" offset="128" sl="42" sc="0" el="42" ec="0" bec="0" bev="0" fileid="5" />
                <SequencePoint vc="0" uspid="6333" ordinal="0" offset="139" sl="47" sc="0" el="47" ec="0" bec="0" bev="0" fileid="5" />
                <SequencePoint vc="0" uspid="6334" ordinal="0" offset="168" sl="48" sc="0" el="48" ec="0" bec="0" bev="0" fileid="5" />
              </SequencePoints>
              <BranchPoints />
            </Method>
            <Method visited="false" cyclomaticComplexity="0" nPathComplexity="0" sequenceCoverage="0.0" branchCoverage="0" crapScore="0" isConstructor="false" isStatic="false" isGetter="false" isSetter="false">
              <Summary numSequencePoints="12" visitedSequencePoints="0" numBranchPoints="0" visitedBranchPoints="0" sequenceCoverage="0.0" branchCoverage="0" maxCyclomaticComplexity="0" minCyclomaticComplexity="0" maxCrapScore="0" minCrapScore="0" visitedClasses="0" numClasses="0" visitedMethods="0" numMethods="1" />
              <MetadataToken>100663316</MetadataToken>
              <Name>System.Void BoardView::AutoAssignPieceSpawnPoints()</Name>
              <FileRef uid="5" />
              <SequencePoints>
                <SequencePoint vc="0" uspid="6335" ordinal="0" offset="0" sl="51" sc="0" el="51" ec="0" bec="0" bev="0" fileid="5" />
                <SequencePoint vc="0" uspid="6336" ordinal="0" offset="1" sl="52" sc="0" el="52" ec="0" bec="0" bev="0" fileid="5" />
                <SequencePoint vc="0" uspid="6337" ordinal="0" offset="14" sl="53" sc="0" el="53" ec="0" bec="0" bev="0" fileid="5" />
                <SequencePoint vc="0" uspid="6338" ordinal="0" offset="21" sl="55" sc="0" el="55" ec="0" bec="0" bev="0" fileid="5" />
                <SequencePoint vc="0" uspid="6339" ordinal="0" offset="33" sl="57" sc="0" el="57" ec="0" bec="0" bev="0" fileid="5" />
                <SequencePoint vc="0" uspid="6340" ordinal="0" offset="37" sl="58" sc="0" el="58" ec="0" bec="0" bev="0" fileid="5" />
                <SequencePoint vc="0" uspid="6341" ordinal="0" offset="38" sl="59" sc="0" el="59" ec="0" bec="0" bev="0" fileid="5" />
                <SequencePoint vc="0" uspid="6342" ordinal="0" offset="53" sl="60" sc="0" el="60" ec="0" bec="0" bev="0" fileid="5" />
                <SequencePoint vc="0" uspid="6343" ordinal="0" offset="54" sl="57" sc="0" el="57" ec="0" bec="0" bev="0" fileid="5" />
                <SequencePoint vc="0" uspid="6344" ordinal="0" offset="58" sl="57" sc="0" el="57" ec="0" bec="0" bev="0" fileid="5" />
                <SequencePoint vc="0" uspid="6345" ordinal="0" offset="66" sl="62" sc="0" el="62" ec="0" bec="0" bev="0" fileid="5" />
                <SequencePoint vc="0" uspid="6346" ordinal="0" offset="95" sl="63" sc="0" el="63" ec="0" bec="0" bev="0" fileid="5" />
              </SequencePoints>
              <BranchPoints />
            </Method>
            <Method visited="false" cyclomaticComplexity="0" nPathComplexity="0" sequenceCoverage="0.0" branchCoverage="0" crapScore="0" isConstructor="false" isStatic="false" isGetter="false" isSetter="false">
              <Summary numSequencePoints="37" visitedSequencePoints="0" numBranchPoints="0" visitedBranchPoints="0" sequenceCoverage="0.0" branchCoverage="0" maxCyclomaticComplexity="0" minCyclomaticComplexity="0" maxCrapScore="0" minCrapScore="0" visitedClasses="0" numClasses="0" visitedMethods="0" numMethods="1" />
              <MetadataToken>100663317</MetadataToken>
              <Name>System.Void BoardView::OnDrawGizmos()</Name>
              <FileRef uid="5" />
              <SequencePoints>
                <SequencePoint vc="0" uspid="6347" ordinal="0" offset="0" sl="66" sc="5" el="66" ec="5" bec="0" bev="0" fileid="5" />
                <SequencePoint vc="0" uspid="6348" ordinal="0" offset="1" sl="67" sc="9" el="67" ec="9" bec="0" bev="0" fileid="5" />
                <SequencePoint vc="0" uspid="6349" ordinal="0" offset="14" sl="67" sc="33" el="67" ec="33" bec="0" bev="0" fileid="5" />
                <SequencePoint vc="0" uspid="6350" ordinal="0" offset="19" sl="69" sc="9" el="69" ec="9" bec="0" bev="0" fileid="5" />
                <SequencePoint vc="0" uspid="6351" ordinal="0" offset="25" sl="71" sc="9" el="71" ec="9" bec="0" bev="0" fileid="5" />
                <SequencePoint vc="0" uspid="6352" ordinal="0" offset="36" sl="73" sc="14" el="73" ec="14" bec="0" bev="0" fileid="5" />
                <SequencePoint vc="0" uspid="6353" ordinal="0" offset="43" sl="74" sc="9" el="74" ec="9" bec="0" bev="0" fileid="5" />
                <SequencePoint vc="0" uspid="6354" ordinal="0" offset="44" sl="75" sc="13" el="75" ec="13" bec="0" bev="0" fileid="5" />
                <SequencePoint vc="0" uspid="6355" ordinal="0" offset="53" sl="76" sc="13" el="76" ec="13" bec="0" bev="0" fileid="5" />
                <SequencePoint vc="0" uspid="6356" ordinal="0" offset="66" sl="76" sc="28" el="76" ec="28" bec="0" bev="0" fileid="5" />
                <SequencePoint vc="0" uspid="6357" ordinal="0" offset="71" sl="78" sc="13" el="78" ec="13" bec="0" bev="0" fileid="5" />
                <SequencePoint vc="0" uspid="6358" ordinal="0" offset="89" sl="79" sc="13" el="79" ec="13" bec="0" bev="0" fileid="5" />
                <SequencePoint vc="0" uspid="6359" ordinal="0" offset="90" sl="80" sc="17" el="80" ec="17" bec="0" bev="0" fileid="5" />
                <SequencePoint vc="0" uspid="6360" ordinal="0" offset="109" sl="82" sc="17" el="82" ec="17" bec="0" bev="0" fileid="5" />
                <SequencePoint vc="0" uspid="6361" ordinal="0" offset="155" sl="87" sc="25" el="87" ec="25" bec="0" bev="0" fileid="5" />
                <SequencePoint vc="0" uspid="6362" ordinal="0" offset="168" sl="88" sc="25" el="88" ec="25" bec="0" bev="0" fileid="5" />
                <SequencePoint vc="0" uspid="6363" ordinal="0" offset="170" sl="90" sc="25" el="90" ec="25" bec="0" bev="0" fileid="5" />
                <SequencePoint vc="0" uspid="6364" ordinal="0" offset="183" sl="91" sc="25" el="91" ec="25" bec="0" bev="0" fileid="5" />
                <SequencePoint vc="0" uspid="6365" ordinal="0" offset="185" sl="94" sc="25" el="94" ec="25" bec="0" bev="0" fileid="5" />
                <SequencePoint vc="0" uspid="6366" ordinal="0" offset="198" sl="95" sc="25" el="95" ec="25" bec="0" bev="0" fileid="5" />
                <SequencePoint vc="0" uspid="6367" ordinal="0" offset="200" sl="97" sc="13" el="97" ec="13" bec="0" bev="0" fileid="5" />
                <SequencePoint vc="0" uspid="6368" ordinal="0" offset="201" sl="113" sc="9" el="113" ec="9" bec="0" bev="0" fileid="5" />
                <SequencePoint vc="0" uspid="6369" ordinal="0" offset="202" sl="73" sc="48" el="73" ec="48" bec="0" bev="0" fileid="5" />
                <SequencePoint vc="0" uspid="6370" ordinal="0" offset="206" sl="73" sc="25" el="73" ec="25" bec="0" bev="0" fileid="5" />
                <SequencePoint vc="0" uspid="6371" ordinal="0" offset="226" sl="115" sc="9" el="115" ec="9" bec="0" bev="0" fileid="5" />
                <SequencePoint vc="0" uspid="6372" ordinal="0" offset="241" sl="115" sc="39" el="115" ec="39" bec="0" bev="0" fileid="5" />
                <SequencePoint vc="0" uspid="6373" ordinal="0" offset="243" sl="117" sc="9" el="117" ec="9" bec="0" bev="0" fileid="5" />
                <SequencePoint vc="0" uspid="6374" ordinal="0" offset="254" sl="119" sc="14" el="119" ec="14" bec="0" bev="0" fileid="5" />
                <SequencePoint vc="0" uspid="6375" ordinal="0" offset="259" sl="120" sc="9" el="120" ec="9" bec="0" bev="0" fileid="5" />
                <SequencePoint vc="0" uspid="6376" ordinal="0" offset="260" sl="121" sc="13" el="121" ec="13" bec="0" bev="0" fileid="5" />
                <SequencePoint vc="0" uspid="6377" ordinal="0" offset="271" sl="122" sc="13" el="122" ec="13" bec="0" bev="0" fileid="5" />
                <SequencePoint vc="0" uspid="6378" ordinal="0" offset="285" sl="122" sc="28" el="122" ec="28" bec="0" bev="0" fileid="5" />
                <SequencePoint vc="0" uspid="6379" ordinal="0" offset="287" sl="124" sc="13" el="124" ec="13" bec="0" bev="0" fileid="5" />
                <SequencePoint vc="0" uspid="6380" ordinal="0" offset="305" sl="125" sc="9" el="125" ec="9" bec="0" bev="0" fileid="5" />
                <SequencePoint vc="0" uspid="6381" ordinal="0" offset="306" sl="119" sc="54" el="119" ec="54" bec="0" bev="0" fileid="5" />
                <SequencePoint vc="0" uspid="6382" ordinal="0" offset="312" sl="119" sc="25" el="119" ec="25" bec="0" bev="0" fileid="5" />
                <SequencePoint vc="0" uspid="6383" ordinal="0" offset="330" sl="126" sc="5" el="126" ec="5" bec="0" bev="0" fileid="5" />
              </SequencePoints>
              <BranchPoints />
            </Method>
          </Methods>
        </Class>
        <Class>
          <Summary numSequencePoints="4" visitedSequencePoints="0" numBranchPoints="0" visitedBranchPoints="0" sequenceCoverage="0.0" branchCoverage="0.0" maxCyclomaticComplexity="0" minCyclomaticComplexity="0" maxCrapScore="0" minCrapScore="0" visitedClasses="0" numClasses="1" visitedMethods="0" numMethods="2" />
          <FullName>Clickable2D</FullName>
          <Methods>
            <Method visited="false" cyclomaticComplexity="0" nPathComplexity="0" sequenceCoverage="0.0" branchCoverage="0" crapScore="0" isConstructor="false" isStatic="false" isGetter="false" isSetter="false">
              <Summary numSequencePoints="2" visitedSequencePoints="0" numBranchPoints="0" visitedBranchPoints="0" sequenceCoverage="0.0" branchCoverage="0" maxCyclomaticComplexity="0" minCyclomaticComplexity="0" maxCrapScore="0" minCrapScore="0" visitedClasses="0" numClasses="0" visitedMethods="0" numMethods="1" />
              <MetadataToken>100663319</MetadataToken>
              <Name>System.Void Clickable2D::OnClickDown()</Name>
              <FileRef uid="6" />
              <SequencePoints>
                <SequencePoint vc="0" uspid="6384" ordinal="0" offset="0" sl="5" sc="0" el="5" ec="0" bec="0" bev="0" fileid="6" />
                <SequencePoint vc="0" uspid="6385" ordinal="0" offset="1" sl="5" sc="0" el="5" ec="0" bec="0" bev="0" fileid="6" />
              </SequencePoints>
              <BranchPoints />
            </Method>
            <Method visited="false" cyclomaticComplexity="0" nPathComplexity="0" sequenceCoverage="0.0" branchCoverage="0" crapScore="0" isConstructor="false" isStatic="false" isGetter="false" isSetter="false">
              <Summary numSequencePoints="2" visitedSequencePoints="0" numBranchPoints="0" visitedBranchPoints="0" sequenceCoverage="0.0" branchCoverage="0" maxCyclomaticComplexity="0" minCyclomaticComplexity="0" maxCrapScore="0" minCrapScore="0" visitedClasses="0" numClasses="0" visitedMethods="0" numMethods="1" />
              <MetadataToken>100663320</MetadataToken>
              <Name>System.Void Clickable2D::OnClickUp()</Name>
              <FileRef uid="6" />
              <SequencePoints>
                <SequencePoint vc="0" uspid="6386" ordinal="0" offset="0" sl="6" sc="0" el="6" ec="0" bec="0" bev="0" fileid="6" />
                <SequencePoint vc="0" uspid="6387" ordinal="0" offset="1" sl="6" sc="0" el="6" ec="0" bec="0" bev="0" fileid="6" />
              </SequencePoints>
              <BranchPoints />
            </Method>
          </Methods>
        </Class>
        <Class>
          <Summary numSequencePoints="3" visitedSequencePoints="0" numBranchPoints="0" visitedBranchPoints="0" sequenceCoverage="0.0" branchCoverage="0.0" maxCyclomaticComplexity="0" minCyclomaticComplexity="0" maxCrapScore="0" minCrapScore="0" visitedClasses="0" numClasses="1" visitedMethods="0" numMethods="1" />
          <FullName>DiceButton</FullName>
          <Methods>
            <Method visited="false" cyclomaticComplexity="0" nPathComplexity="0" sequenceCoverage="0.0" branchCoverage="0" crapScore="0" isConstructor="false" isStatic="false" isGetter="false" isSetter="false">
              <Summary numSequencePoints="3" visitedSequencePoints="0" numBranchPoints="0" visitedBranchPoints="0" sequenceCoverage="0.0" branchCoverage="0" maxCyclomaticComplexity="0" minCyclomaticComplexity="0" maxCrapScore="0" minCrapScore="0" visitedClasses="0" numClasses="0" visitedMethods="0" numMethods="1" />
              <MetadataToken>100663322</MetadataToken>
              <Name>System.Void DiceButton::OnClickUp()</Name>
              <FileRef uid="7" />
              <SequencePoints>
                <SequencePoint vc="0" uspid="6388" ordinal="0" offset="0" sl="8" sc="0" el="8" ec="0" bec="0" bev="0" fileid="7" />
                <SequencePoint vc="0" uspid="6389" ordinal="0" offset="1" sl="9" sc="0" el="9" ec="0" bec="0" bev="0" fileid="7" />
                <SequencePoint vc="0" uspid="6390" ordinal="0" offset="13" sl="10" sc="0" el="10" ec="0" bec="0" bev="0" fileid="7" />
              </SequencePoints>
              <BranchPoints />
            </Method>
          </Methods>
        </Class>
        <Class>
          <Summary numSequencePoints="108" visitedSequencePoints="0" numBranchPoints="0" visitedBranchPoints="0" sequenceCoverage="0.0" branchCoverage="0.0" maxCyclomaticComplexity="0" minCyclomaticComplexity="0" maxCrapScore="0" minCrapScore="0" visitedClasses="0" numClasses="1" visitedMethods="0" numMethods="12" />
          <FullName>GameManager</FullName>
          <Methods>
            <Method visited="false" cyclomaticComplexity="0" nPathComplexity="0" sequenceCoverage="0.0" branchCoverage="0" crapScore="0" isConstructor="false" isStatic="false" isGetter="false" isSetter="false">
              <Summary numSequencePoints="14" visitedSequencePoints="0" numBranchPoints="0" visitedBranchPoints="0" sequenceCoverage="0.0" branchCoverage="0" maxCyclomaticComplexity="0" minCyclomaticComplexity="0" maxCrapScore="0" minCrapScore="0" visitedClasses="0" numClasses="0" visitedMethods="0" numMethods="1" />
              <MetadataToken>100663324</MetadataToken>
              <Name>System.Void GameManager::Start()</Name>
              <FileRef uid="8" />
              <SequencePoints>
                <SequencePoint vc="0" uspid="6391" ordinal="0" offset="0" sl="18" sc="0" el="18" ec="0" bec="0" bev="0" fileid="8" />
                <SequencePoint vc="0" uspid="6392" ordinal="0" offset="1" sl="19" sc="0" el="19" ec="0" bec="0" bev="0" fileid="8" />
                <SequencePoint vc="0" uspid="6393" ordinal="0" offset="8" sl="20" sc="0" el="20" ec="0" bec="0" bev="0" fileid="8" />
                <SequencePoint vc="0" uspid="6394" ordinal="0" offset="15" sl="22" sc="0" el="22" ec="0" bec="0" bev="0" fileid="8" />
                <SequencePoint vc="0" uspid="6395" ordinal="0" offset="32" sl="23" sc="0" el="23" ec="0" bec="0" bev="0" fileid="8" />
                <SequencePoint vc="0" uspid="6396" ordinal="0" offset="61" sl="25" sc="0" el="25" ec="0" bec="0" bev="0" fileid="8" />
                <SequencePoint vc="0" uspid="6397" ordinal="0" offset="100" sl="31" sc="0" el="31" ec="0" bec="0" bev="0" fileid="8" />
                <SequencePoint vc="0" uspid="6398" ordinal="0" offset="139" sl="36" sc="0" el="36" ec="0" bec="0" bev="0" fileid="8" />
                <SequencePoint vc="0" uspid="6399" ordinal="0" offset="197" sl="40" sc="0" el="40" ec="0" bec="0" bev="0" fileid="8" />
                <SequencePoint vc="0" uspid="6400" ordinal="0" offset="255" sl="44" sc="0" el="44" ec="0" bec="0" bev="0" fileid="8" />
                <SequencePoint vc="0" uspid="6401" ordinal="0" offset="294" sl="49" sc="0" el="49" ec="0" bec="0" bev="0" fileid="8" />
                <SequencePoint vc="0" uspid="6402" ordinal="0" offset="333" sl="58" sc="0" el="58" ec="0" bec="0" bev="0" fileid="8" />
                <SequencePoint vc="0" uspid="6403" ordinal="0" offset="345" sl="60" sc="0" el="60" ec="0" bec="0" bev="0" fileid="8" />
                <SequencePoint vc="0" uspid="6404" ordinal="0" offset="375" sl="61" sc="0" el="61" ec="0" bec="0" bev="0" fileid="8" />
              </SequencePoints>
              <BranchPoints />
            </Method>
            <Method visited="false" cyclomaticComplexity="0" nPathComplexity="0" sequenceCoverage="0.0" branchCoverage="0" crapScore="0" isConstructor="false" isStatic="false" isGetter="false" isSetter="false">
              <Summary numSequencePoints="11" visitedSequencePoints="0" numBranchPoints="0" visitedBranchPoints="0" sequenceCoverage="0.0" branchCoverage="0" maxCyclomaticComplexity="0" minCyclomaticComplexity="0" maxCrapScore="0" minCrapScore="0" visitedClasses="0" numClasses="0" visitedMethods="0" numMethods="1" />
              <MetadataToken>100663325</MetadataToken>
              <Name>System.Void GameManager::ClearPlayersActionHints()</Name>
              <FileRef uid="8" />
              <SequencePoints>
                <SequencePoint vc="0" uspid="6405" ordinal="0" offset="0" sl="64" sc="0" el="64" ec="0" bec="0" bev="0" fileid="8" />
                <SequencePoint vc="0" uspid="6406" ordinal="0" offset="1" sl="65" sc="0" el="65" ec="0" bec="0" bev="0" fileid="8" />
                <SequencePoint vc="0" uspid="6407" ordinal="0" offset="14" sl="66" sc="0" el="66" ec="0" bec="0" bev="0" fileid="8" />
                <SequencePoint vc="0" uspid="6408" ordinal="0" offset="15" sl="67" sc="0" el="67" ec="0" bec="0" bev="0" fileid="8" />
                <SequencePoint vc="0" uspid="6409" ordinal="0" offset="19" sl="68" sc="0" el="68" ec="0" bec="0" bev="0" fileid="8" />
                <SequencePoint vc="0" uspid="6410" ordinal="0" offset="20" sl="69" sc="0" el="69" ec="0" bec="0" bev="0" fileid="8" />
                <SequencePoint vc="0" uspid="6411" ordinal="0" offset="39" sl="70" sc="0" el="70" ec="0" bec="0" bev="0" fileid="8" />
                <SequencePoint vc="0" uspid="6412" ordinal="0" offset="40" sl="67" sc="0" el="67" ec="0" bec="0" bev="0" fileid="8" />
                <SequencePoint vc="0" uspid="6413" ordinal="0" offset="44" sl="67" sc="0" el="67" ec="0" bec="0" bev="0" fileid="8" />
                <SequencePoint vc="0" uspid="6414" ordinal="0" offset="59" sl="71" sc="0" el="71" ec="0" bec="0" bev="0" fileid="8" />
                <SequencePoint vc="0" uspid="6415" ordinal="0" offset="60" sl="72" sc="0" el="72" ec="0" bec="0" bev="0" fileid="8" />
              </SequencePoints>
              <BranchPoints />
            </Method>
            <Method visited="false" cyclomaticComplexity="0" nPathComplexity="0" sequenceCoverage="0.0" branchCoverage="0" crapScore="0" isConstructor="false" isStatic="false" isGetter="false" isSetter="false">
              <Summary numSequencePoints="9" visitedSequencePoints="0" numBranchPoints="0" visitedBranchPoints="0" sequenceCoverage="0.0" branchCoverage="0" maxCyclomaticComplexity="0" minCyclomaticComplexity="0" maxCrapScore="0" minCrapScore="0" visitedClasses="0" numClasses="0" visitedMethods="0" numMethods="1" />
              <MetadataToken>100663326</MetadataToken>
              <Name>System.Void GameManager::SetCurrentPlayerActionHint(System.String)</Name>
              <FileRef uid="8" />
              <SequencePoints>
                <SequencePoint vc="0" uspid="6416" ordinal="0" offset="0" sl="75" sc="0" el="75" ec="0" bec="0" bev="0" fileid="8" />
                <SequencePoint vc="0" uspid="6417" ordinal="0" offset="1" sl="76" sc="0" el="76" ec="0" bec="0" bev="0" fileid="8" />
                <SequencePoint vc="0" uspid="6418" ordinal="0" offset="42" sl="77" sc="0" el="77" ec="0" bec="0" bev="0" fileid="8" />
                <SequencePoint vc="0" uspid="6419" ordinal="0" offset="43" sl="78" sc="0" el="78" ec="0" bec="0" bev="0" fileid="8" />
                <SequencePoint vc="0" uspid="6420" ordinal="0" offset="68" sl="79" sc="0" el="79" ec="0" bec="0" bev="0" fileid="8" />
                <SequencePoint vc="0" uspid="6421" ordinal="0" offset="71" sl="81" sc="0" el="81" ec="0" bec="0" bev="0" fileid="8" />
                <SequencePoint vc="0" uspid="6422" ordinal="0" offset="72" sl="82" sc="0" el="82" ec="0" bec="0" bev="0" fileid="8" />
                <SequencePoint vc="0" uspid="6423" ordinal="0" offset="83" sl="83" sc="0" el="83" ec="0" bec="0" bev="0" fileid="8" />
                <SequencePoint vc="0" uspid="6424" ordinal="0" offset="84" sl="84" sc="0" el="84" ec="0" bec="0" bev="0" fileid="8" />
              </SequencePoints>
              <BranchPoints />
            </Method>
            <Method visited="false" cyclomaticComplexity="0" nPathComplexity="0" sequenceCoverage="0.0" branchCoverage="0" crapScore="0" isConstructor="false" isStatic="false" isGetter="false" isSetter="false">
              <Summary numSequencePoints="17" visitedSequencePoints="0" numBranchPoints="0" visitedBranchPoints="0" sequenceCoverage="0.0" branchCoverage="0" maxCyclomaticComplexity="0" minCyclomaticComplexity="0" maxCrapScore="0" minCrapScore="0" visitedClasses="0" numClasses="0" visitedMethods="0" numMethods="1" />
              <MetadataToken>100663327</MetadataToken>
              <Name>System.Void GameManager::UpdateMoveHints()</Name>
              <FileRef uid="8" />
              <SequencePoints>
                <SequencePoint vc="0" uspid="6425" ordinal="0" offset="0" sl="87" sc="0" el="87" ec="0" bec="0" bev="0" fileid="8" />
                <SequencePoint vc="0" uspid="6426" ordinal="0" offset="1" sl="88" sc="0" el="88" ec="0" bec="0" bev="0" fileid="8" />
                <SequencePoint vc="0" uspid="6427" ordinal="0" offset="13" sl="89" sc="0" el="89" ec="0" bec="0" bev="0" fileid="8" />
                <SequencePoint vc="0" uspid="6428" ordinal="0" offset="21" sl="89" sc="0" el="89" ec="0" bec="0" bev="0" fileid="8" />
                <SequencePoint vc="0" uspid="6429" ordinal="0" offset="23" sl="92" sc="0" el="92" ec="0" bec="0" bev="0" fileid="8" />
                <SequencePoint vc="0" uspid="6430" ordinal="0" offset="24" sl="92" sc="0" el="92" ec="0" bec="0" bev="0" fileid="8" />
                <SequencePoint vc="0" uspid="6431" ordinal="0" offset="33" sl="92" sc="0" el="92" ec="0" bec="0" bev="0" fileid="8" />
                <SequencePoint vc="0" uspid="6432" ordinal="0" offset="40" sl="93" sc="0" el="93" ec="0" bec="0" bev="0" fileid="8" />
                <SequencePoint vc="0" uspid="6433" ordinal="0" offset="41" sl="94" sc="0" el="94" ec="0" bec="0" bev="0" fileid="8" />
                <SequencePoint vc="0" uspid="6434" ordinal="0" offset="50" sl="95" sc="0" el="95" ec="0" bec="0" bev="0" fileid="8" />
                <SequencePoint vc="0" uspid="6435" ordinal="0" offset="59" sl="96" sc="0" el="96" ec="0" bec="0" bev="0" fileid="8" />
                <SequencePoint vc="0" uspid="6436" ordinal="0" offset="73" sl="97" sc="0" el="97" ec="0" bec="0" bev="0" fileid="8" />
                <SequencePoint vc="0" uspid="6437" ordinal="0" offset="74" sl="98" sc="0" el="98" ec="0" bec="0" bev="0" fileid="8" />
                <SequencePoint vc="0" uspid="6438" ordinal="0" offset="84" sl="99" sc="0" el="99" ec="0" bec="0" bev="0" fileid="8" />
                <SequencePoint vc="0" uspid="6439" ordinal="0" offset="85" sl="100" sc="0" el="100" ec="0" bec="0" bev="0" fileid="8" />
                <SequencePoint vc="0" uspid="6440" ordinal="0" offset="86" sl="92" sc="0" el="92" ec="0" bec="0" bev="0" fileid="8" />
                <SequencePoint vc="0" uspid="6441" ordinal="0" offset="107" sl="101" sc="0" el="101" ec="0" bec="0" bev="0" fileid="8" />
              </SequencePoints>
              <BranchPoints />
            </Method>
            <Method visited="false" cyclomaticComplexity="0" nPathComplexity="0" sequenceCoverage="0.0" branchCoverage="0" crapScore="0" isConstructor="false" isStatic="false" isGetter="false" isSetter="false">
              <Summary numSequencePoints="10" visitedSequencePoints="0" numBranchPoints="0" visitedBranchPoints="0" sequenceCoverage="0.0" branchCoverage="0" maxCyclomaticComplexity="0" minCyclomaticComplexity="0" maxCrapScore="0" minCrapScore="0" visitedClasses="0" numClasses="0" visitedMethods="0" numMethods="1" />
              <MetadataToken>100663328</MetadataToken>
              <Name>System.Void GameManager::ClearMoveHints()</Name>
              <FileRef uid="8" />
              <SequencePoints>
                <SequencePoint vc="0" uspid="6442" ordinal="0" offset="0" sl="104" sc="0" el="104" ec="0" bec="0" bev="0" fileid="8" />
                <SequencePoint vc="0" uspid="6443" ordinal="0" offset="1" sl="105" sc="0" el="105" ec="0" bec="0" bev="0" fileid="8" />
                <SequencePoint vc="0" uspid="6444" ordinal="0" offset="2" sl="105" sc="0" el="105" ec="0" bec="0" bev="0" fileid="8" />
                <SequencePoint vc="0" uspid="6445" ordinal="0" offset="16" sl="105" sc="0" el="105" ec="0" bec="0" bev="0" fileid="8" />
                <SequencePoint vc="0" uspid="6446" ordinal="0" offset="24" sl="106" sc="0" el="106" ec="0" bec="0" bev="0" fileid="8" />
                <SequencePoint vc="0" uspid="6447" ordinal="0" offset="25" sl="107" sc="0" el="107" ec="0" bec="0" bev="0" fileid="8" />
                <SequencePoint vc="0" uspid="6448" ordinal="0" offset="36" sl="107" sc="0" el="107" ec="0" bec="0" bev="0" fileid="8" />
                <SequencePoint vc="0" uspid="6449" ordinal="0" offset="43" sl="108" sc="0" el="108" ec="0" bec="0" bev="0" fileid="8" />
                <SequencePoint vc="0" uspid="6450" ordinal="0" offset="44" sl="105" sc="0" el="105" ec="0" bec="0" bev="0" fileid="8" />
                <SequencePoint vc="0" uspid="6451" ordinal="0" offset="70" sl="109" sc="0" el="109" ec="0" bec="0" bev="0" fileid="8" />
              </SequencePoints>
              <BranchPoints />
            </Method>
            <Method visited="false" cyclomaticComplexity="0" nPathComplexity="0" sequenceCoverage="0.0" branchCoverage="0" crapScore="0" isConstructor="false" isStatic="false" isGetter="false" isSetter="false">
              <Summary numSequencePoints="13" visitedSequencePoints="0" numBranchPoints="0" visitedBranchPoints="0" sequenceCoverage="0.0" branchCoverage="0" maxCyclomaticComplexity="0" minCyclomaticComplexity="0" maxCrapScore="0" minCrapScore="0" visitedClasses="0" numClasses="0" visitedMethods="0" numMethods="1" />
              <MetadataToken>100663329</MetadataToken>
              <Name>System.Void GameManager::ResetPieces()</Name>
              <FileRef uid="8" />
              <SequencePoints>
                <SequencePoint vc="0" uspid="6452" ordinal="0" offset="0" sl="112" sc="0" el="112" ec="0" bec="0" bev="0" fileid="8" />
                <SequencePoint vc="0" uspid="6453" ordinal="0" offset="1" sl="113" sc="0" el="113" ec="0" bec="0" bev="0" fileid="8" />
                <SequencePoint vc="0" uspid="6454" ordinal="0" offset="34" sl="114" sc="0" el="114" ec="0" bec="0" bev="0" fileid="8" />
                <SequencePoint vc="0" uspid="6455" ordinal="0" offset="35" sl="115" sc="0" el="115" ec="0" bec="0" bev="0" fileid="8" />
                <SequencePoint vc="0" uspid="6456" ordinal="0" offset="46" sl="116" sc="0" el="116" ec="0" bec="0" bev="0" fileid="8" />
                <SequencePoint vc="0" uspid="6457" ordinal="0" offset="48" sl="119" sc="0" el="119" ec="0" bec="0" bev="0" fileid="8" />
                <SequencePoint vc="0" uspid="6458" ordinal="0" offset="52" sl="120" sc="0" el="120" ec="0" bec="0" bev="0" fileid="8" />
                <SequencePoint vc="0" uspid="6459" ordinal="0" offset="53" sl="121" sc="0" el="121" ec="0" bec="0" bev="0" fileid="8" />
                <SequencePoint vc="0" uspid="6460" ordinal="0" offset="89" sl="122" sc="0" el="122" ec="0" bec="0" bev="0" fileid="8" />
                <SequencePoint vc="0" uspid="6461" ordinal="0" offset="107" sl="123" sc="0" el="123" ec="0" bec="0" bev="0" fileid="8" />
                <SequencePoint vc="0" uspid="6462" ordinal="0" offset="108" sl="119" sc="0" el="119" ec="0" bec="0" bev="0" fileid="8" />
                <SequencePoint vc="0" uspid="6463" ordinal="0" offset="112" sl="119" sc="0" el="119" ec="0" bec="0" bev="0" fileid="8" />
                <SequencePoint vc="0" uspid="6464" ordinal="0" offset="130" sl="124" sc="0" el="124" ec="0" bec="0" bev="0" fileid="8" />
              </SequencePoints>
              <BranchPoints />
            </Method>
            <Method visited="false" cyclomaticComplexity="0" nPathComplexity="0" sequenceCoverage="0.0" branchCoverage="0" crapScore="0" isConstructor="false" isStatic="false" isGetter="false" isSetter="false">
              <Summary numSequencePoints="7" visitedSequencePoints="0" numBranchPoints="0" visitedBranchPoints="0" sequenceCoverage="0.0" branchCoverage="0" maxCyclomaticComplexity="0" minCyclomaticComplexity="0" maxCrapScore="0" minCrapScore="0" visitedClasses="0" numClasses="0" visitedMethods="0" numMethods="1" />
              <MetadataToken>100663330</MetadataToken>
              <Name>System.Void GameManager::OnPieceClicked(Piece)</Name>
              <FileRef uid="8" />
              <SequencePoints>
                <SequencePoint vc="0" uspid="6465" ordinal="0" offset="0" sl="127" sc="0" el="127" ec="0" bec="0" bev="0" fileid="8" />
                <SequencePoint vc="0" uspid="6466" ordinal="0" offset="1" sl="128" sc="0" el="128" ec="0" bec="0" bev="0" fileid="8" />
                <SequencePoint vc="0" uspid="6467" ordinal="0" offset="14" sl="129" sc="0" el="129" ec="0" bec="0" bev="0" fileid="8" />
                <SequencePoint vc="0" uspid="6468" ordinal="0" offset="15" sl="130" sc="0" el="130" ec="0" bec="0" bev="0" fileid="8" />
                <SequencePoint vc="0" uspid="6469" ordinal="0" offset="45" sl="131" sc="0" el="131" ec="0" bec="0" bev="0" fileid="8" />
                <SequencePoint vc="0" uspid="6470" ordinal="0" offset="47" sl="134" sc="0" el="134" ec="0" bec="0" bev="0" fileid="8" />
                <SequencePoint vc="0" uspid="6471" ordinal="0" offset="60" sl="135" sc="0" el="135" ec="0" bec="0" bev="0" fileid="8" />
              </SequencePoints>
              <BranchPoints />
            </Method>
            <Method visited="false" cyclomaticComplexity="0" nPathComplexity="0" sequenceCoverage="0.0" branchCoverage="0" crapScore="0" isConstructor="false" isStatic="false" isGetter="false" isSetter="false">
              <Summary numSequencePoints="7" visitedSequencePoints="0" numBranchPoints="0" visitedBranchPoints="0" sequenceCoverage="0.0" branchCoverage="0" maxCyclomaticComplexity="0" minCyclomaticComplexity="0" maxCrapScore="0" minCrapScore="0" visitedClasses="0" numClasses="0" visitedMethods="0" numMethods="1" />
              <MetadataToken>100663331</MetadataToken>
              <Name>System.Void GameManager::OnDiceRollButton()</Name>
              <FileRef uid="8" />
              <SequencePoints>
                <SequencePoint vc="0" uspid="6472" ordinal="0" offset="0" sl="138" sc="0" el="138" ec="0" bec="0" bev="0" fileid="8" />
                <SequencePoint vc="0" uspid="6473" ordinal="0" offset="1" sl="139" sc="0" el="139" ec="0" bec="0" bev="0" fileid="8" />
                <SequencePoint vc="0" uspid="6474" ordinal="0" offset="14" sl="140" sc="0" el="140" ec="0" bec="0" bev="0" fileid="8" />
                <SequencePoint vc="0" uspid="6475" ordinal="0" offset="15" sl="141" sc="0" el="141" ec="0" bec="0" bev="0" fileid="8" />
                <SequencePoint vc="0" uspid="6476" ordinal="0" offset="26" sl="142" sc="0" el="142" ec="0" bec="0" bev="0" fileid="8" />
                <SequencePoint vc="0" uspid="6477" ordinal="0" offset="28" sl="145" sc="0" el="145" ec="0" bec="0" bev="0" fileid="8" />
                <SequencePoint vc="0" uspid="6478" ordinal="0" offset="40" sl="146" sc="0" el="146" ec="0" bec="0" bev="0" fileid="8" />
              </SequencePoints>
              <BranchPoints />
            </Method>
            <Method visited="false" cyclomaticComplexity="0" nPathComplexity="0" sequenceCoverage="0.0" branchCoverage="0" crapScore="0" isConstructor="false" isStatic="false" isGetter="false" isSetter="false">
              <Summary numSequencePoints="5" visitedSequencePoints="0" numBranchPoints="0" visitedBranchPoints="0" sequenceCoverage="0.0" branchCoverage="0" maxCyclomaticComplexity="0" minCyclomaticComplexity="0" maxCrapScore="0" minCrapScore="0" visitedClasses="0" numClasses="0" visitedMethods="0" numMethods="1" />
              <MetadataToken>100663333</MetadataToken>
              <Name>System.Void GameManager::&lt;Start&gt;b__6_0(System.Int32, System.Int32)</Name>
              <FileRef uid="8" />
              <SequencePoints>
                <SequencePoint vc="0" uspid="6479" ordinal="0" offset="0" sl="26" sc="0" el="26" ec="0" bec="0" bev="0" fileid="8" />
                <SequencePoint vc="0" uspid="6480" ordinal="0" offset="1" sl="27" sc="0" el="27" ec="0" bec="0" bev="0" fileid="8" />
                <SequencePoint vc="0" uspid="6481" ordinal="0" offset="29" sl="28" sc="0" el="28" ec="0" bec="0" bev="0" fileid="8" />
                <SequencePoint vc="0" uspid="6482" ordinal="0" offset="36" sl="29" sc="0" el="29" ec="0" bec="0" bev="0" fileid="8" />
                <SequencePoint vc="0" uspid="6483" ordinal="0" offset="65" sl="30" sc="0" el="30" ec="0" bec="0" bev="0" fileid="8" />
              </SequencePoints>
              <BranchPoints />
            </Method>
            <Method visited="false" cyclomaticComplexity="0" nPathComplexity="0" sequenceCoverage="0.0" branchCoverage="0" crapScore="0" isConstructor="false" isStatic="false" isGetter="false" isSetter="false">
              <Summary numSequencePoints="4" visitedSequencePoints="0" numBranchPoints="0" visitedBranchPoints="0" sequenceCoverage="0.0" branchCoverage="0" maxCyclomaticComplexity="0" minCyclomaticComplexity="0" maxCrapScore="0" minCrapScore="0" visitedClasses="0" numClasses="0" visitedMethods="0" numMethods="1" />
              <MetadataToken>100663334</MetadataToken>
              <Name>System.Void GameManager::&lt;Start&gt;b__6_1(System.Int32)</Name>
              <FileRef uid="8" />
              <SequencePoints>
                <SequencePoint vc="0" uspid="6484" ordinal="0" offset="0" sl="32" sc="0" el="32" ec="0" bec="0" bev="0" fileid="8" />
                <SequencePoint vc="0" uspid="6485" ordinal="0" offset="1" sl="33" sc="0" el="33" ec="0" bec="0" bev="0" fileid="8" />
                <SequencePoint vc="0" uspid="6486" ordinal="0" offset="23" sl="34" sc="0" el="34" ec="0" bec="0" bev="0" fileid="8" />
                <SequencePoint vc="0" uspid="6487" ordinal="0" offset="30" sl="35" sc="0" el="35" ec="0" bec="0" bev="0" fileid="8" />
              </SequencePoints>
              <BranchPoints />
            </Method>
            <Method visited="false" cyclomaticComplexity="0" nPathComplexity="0" sequenceCoverage="0.0" branchCoverage="0" crapScore="0" isConstructor="false" isStatic="false" isGetter="false" isSetter="false">
              <Summary numSequencePoints="4" visitedSequencePoints="0" numBranchPoints="0" visitedBranchPoints="0" sequenceCoverage="0.0" branchCoverage="0" maxCyclomaticComplexity="0" minCyclomaticComplexity="0" maxCrapScore="0" minCrapScore="0" visitedClasses="0" numClasses="0" visitedMethods="0" numMethods="1" />
              <MetadataToken>100663335</MetadataToken>
              <Name>System.Void GameManager::&lt;Start&gt;b__6_4()</Name>
              <FileRef uid="8" />
              <SequencePoints>
                <SequencePoint vc="0" uspid="6488" ordinal="0" offset="0" sl="45" sc="0" el="45" ec="0" bec="0" bev="0" fileid="8" />
                <SequencePoint vc="0" uspid="6489" ordinal="0" offset="1" sl="46" sc="0" el="46" ec="0" bec="0" bev="0" fileid="8" />
                <SequencePoint vc="0" uspid="6490" ordinal="0" offset="8" sl="47" sc="0" el="47" ec="0" bec="0" bev="0" fileid="8" />
                <SequencePoint vc="0" uspid="6491" ordinal="0" offset="15" sl="48" sc="0" el="48" ec="0" bec="0" bev="0" fileid="8" />
              </SequencePoints>
              <BranchPoints />
            </Method>
            <Method visited="false" cyclomaticComplexity="0" nPathComplexity="0" sequenceCoverage="0.0" branchCoverage="0" crapScore="0" isConstructor="false" isStatic="false" isGetter="false" isSetter="false">
              <Summary numSequencePoints="7" visitedSequencePoints="0" numBranchPoints="0" visitedBranchPoints="0" sequenceCoverage="0.0" branchCoverage="0" maxCyclomaticComplexity="0" minCyclomaticComplexity="0" maxCrapScore="0" minCrapScore="0" visitedClasses="0" numClasses="0" visitedMethods="0" numMethods="1" />
              <MetadataToken>100663336</MetadataToken>
              <Name>System.Void GameManager::&lt;Start&gt;b__6_5(GamePhase)</Name>
              <FileRef uid="8" />
              <SequencePoints>
                <SequencePoint vc="0" uspid="6492" ordinal="0" offset="0" sl="50" sc="0" el="50" ec="0" bec="0" bev="0" fileid="8" />
                <SequencePoint vc="0" uspid="6493" ordinal="0" offset="1" sl="51" sc="0" el="51" ec="0" bec="0" bev="0" fileid="8" />
                <SequencePoint vc="0" uspid="6494" ordinal="0" offset="9" sl="52" sc="0" el="52" ec="0" bec="0" bev="0" fileid="8" />
                <SequencePoint vc="0" uspid="6495" ordinal="0" offset="10" sl="53" sc="0" el="53" ec="0" bec="0" bev="0" fileid="8" />
                <SequencePoint vc="0" uspid="6496" ordinal="0" offset="17" sl="54" sc="0" el="54" ec="0" bec="0" bev="0" fileid="8" />
                <SequencePoint vc="0" uspid="6497" ordinal="0" offset="29" sl="55" sc="0" el="55" ec="0" bec="0" bev="0" fileid="8" />
                <SequencePoint vc="0" uspid="6498" ordinal="0" offset="30" sl="56" sc="0" el="56" ec="0" bec="0" bev="0" fileid="8" />
              </SequencePoints>
              <BranchPoints />
            </Method>
          </Methods>
        </Class>
        <Class>
          <Summary numSequencePoints="172" visitedSequencePoints="0" numBranchPoints="0" visitedBranchPoints="0" sequenceCoverage="0.0" branchCoverage="0.0" maxCyclomaticComplexity="0" minCyclomaticComplexity="0" maxCrapScore="0" minCrapScore="0" visitedClasses="0" numClasses="1" visitedMethods="0" numMethods="15" />
          <FullName>GameStateMachine</FullName>
          <Methods>
            <Method visited="false" cyclomaticComplexity="0" nPathComplexity="0" sequenceCoverage="0.0" branchCoverage="0" crapScore="0" isConstructor="false" isStatic="false" isGetter="true" isSetter="false">
              <Summary numSequencePoints="3" visitedSequencePoints="0" numBranchPoints="0" visitedBranchPoints="0" sequenceCoverage="0.0" branchCoverage="0" maxCyclomaticComplexity="0" minCyclomaticComplexity="0" maxCrapScore="0" minCrapScore="0" visitedClasses="0" numClasses="0" visitedMethods="0" numMethods="1" />
              <MetadataToken>100663337</MetadataToken>
              <Name>GamePhase GameStateMachine::get_gamePhase()</Name>
              <FileRef uid="9" />
              <SequencePoints>
                <SequencePoint vc="0" uspid="6499" ordinal="0" offset="0" sl="13" sc="0" el="13" ec="0" bec="0" bev="0" fileid="9" />
                <SequencePoint vc="0" uspid="6500" ordinal="0" offset="1" sl="13" sc="0" el="13" ec="0" bec="0" bev="0" fileid="9" />
                <SequencePoint vc="0" uspid="6501" ordinal="0" offset="10" sl="13" sc="0" el="13" ec="0" bec="0" bev="0" fileid="9" />
              </SequencePoints>
              <BranchPoints />
            </Method>
[...]
              </SequencePoints>
              <BranchPoints />
            </Method>
          </Methods>
        </Class>
        <Class>
          <Summary numSequencePoints="39" visitedSequencePoints="0" numBranchPoints="0" visitedBranchPoints="0" sequenceCoverage="0.0" branchCoverage="0.0" maxCyclomaticComplexity="0" minCyclomaticComplexity="0" maxCrapScore="0" minCrapScore="0" visitedClasses="0" numClasses="1" visitedMethods="0" numMethods="7" />
          <FullName>Piece</FullName>
          <Methods>
            <Method visited="false" cyclomaticComplexity="0" nPathComplexity="0" sequenceCoverage="0.0" branchCoverage="0" crapScore="0" isConstructor="false" isStatic="false" isGetter="false" isSetter="false">
              <Summary numSequencePoints="3" visitedSequencePoints="0" numBranchPoints="0" visitedBranchPoints="0" sequenceCoverage="0.0" branchCoverage="0" maxCyclomaticComplexity="0" minCyclomaticComplexity="0" maxCrapScore="0" minCrapScore="0" visitedClasses="0" numClasses="0" visitedMethods="0" numMethods="1" />
              <MetadataToken>100663357</MetadataToken>
              <Name>System.Void Piece::OnClickUp()</Name>
              <FileRef uid="12" />
              <SequencePoints>
                <SequencePoint vc="0" uspid="6708" ordinal="0" offset="0" sl="21" sc="0" el="21" ec="0" bec="0" bev="0" fileid="12" />
                <SequencePoint vc="0" uspid="6709" ordinal="0" offset="1" sl="22" sc="0" el="22" ec="0" bec="0" bev="0" fileid="12" />
                <SequencePoint vc="0" uspid="6710" ordinal="0" offset="14" sl="23" sc="0" el="23" ec="0" bec="0" bev="0" fileid="12" />
              </SequencePoints>
              <BranchPoints />
            </Method>
            <Method visited="false" cyclomaticComplexity="0" nPathComplexity="0" sequenceCoverage="0.0" branchCoverage="0" crapScore="0" isConstructor="false" isStatic="false" isGetter="false" isSetter="false">
              <Summary numSequencePoints="4" visitedSequencePoints="0" numBranchPoints="0" visitedBranchPoints="0" sequenceCoverage="0.0" branchCoverage="0" maxCyclomaticComplexity="0" minCyclomaticComplexity="0" maxCrapScore="0" minCrapScore="0" visitedClasses="0" numClasses="0" visitedMethods="0" numMethods="1" />
              <MetadataToken>100663358</MetadataToken>
              <Name>System.Void Piece::MoveToTile(System.Int32, BoardView)</Name>
              <FileRef uid="12" />
              <SequencePoints>
                <SequencePoint vc="0" uspid="6711" ordinal="0" offset="0" sl="26" sc="0" el="26" ec="0" bec="0" bev="0" fileid="12" />
                <SequencePoint vc="0" uspid="6712" ordinal="0" offset="1" sl="27" sc="0" el="27" ec="0" bec="0" bev="0" fileid="12" />
                <SequencePoint vc="0" uspid="6713" ordinal="0" offset="8" sl="28" sc="0" el="28" ec="0" bec="0" bev="0" fileid="12" />
                <SequencePoint vc="0" uspid="6714" ordinal="0" offset="27" sl="29" sc="0" el="29" ec="0" bec="0" bev="0" fileid="12" />
              </SequencePoints>
              <BranchPoints />
            </Method>
            <Method visited="false" cyclomaticComplexity="0" nPathComplexity="0" sequenceCoverage="0.0" branchCoverage="0" crapScore="0" isConstructor="false" isStatic="false" isGetter="false" isSetter="false">
              <Summary numSequencePoints="4" visitedSequencePoints="0" numBranchPoints="0" visitedBranchPoints="0" sequenceCoverage="0.0" branchCoverage="0" maxCyclomaticComplexity="0" minCyclomaticComplexity="0" maxCrapScore="0" minCrapScore="0" visitedClasses="0" numClasses="0" visitedMethods="0" numMethods="1" />
              <MetadataToken>100663359</MetadataToken>
              <Name>System.Void Piece::MoveToStart(UnityEngine.Vector3)</Name>
              <FileRef uid="12" />
              <SequencePoints>
                <SequencePoint vc="0" uspid="6715" ordinal="0" offset="0" sl="32" sc="0" el="32" ec="0" bec="0" bev="0" fileid="12" />
                <SequencePoint vc="0" uspid="6716" ordinal="0" offset="1" sl="33" sc="0" el="33" ec="0" bec="0" bev="0" fileid="12" />
                <SequencePoint vc="0" uspid="6717" ordinal="0" offset="8" sl="34" sc="0" el="34" ec="0" bec="0" bev="0" fileid="12" />
                <SequencePoint vc="0" uspid="6718" ordinal="0" offset="21" sl="35" sc="0" el="35" ec="0" bec="0" bev="0" fileid="12" />
              </SequencePoints>
              <BranchPoints />
            </Method>
            <Method visited="false" cyclomaticComplexity="0" nPathComplexity="0" sequenceCoverage="0.0" branchCoverage="0" crapScore="0" isConstructor="false" isStatic="false" isGetter="false" isSetter="false">
              <Summary numSequencePoints="15" visitedSequencePoints="0" numBranchPoints="0" visitedBranchPoints="0" sequenceCoverage="0.0" branchCoverage="0" maxCyclomaticComplexity="0" minCyclomaticComplexity="0" maxCrapScore="0" minCrapScore="0" visitedClasses="0" numClasses="0" visitedMethods="0" numMethods="1" />
              <MetadataToken>100663360</MetadataToken>
              <Name>System.Void Piece::SetMoveHints(System.Collections.Generic.List[MoveOption])</Name>
              <FileRef uid="12" />
              <SequencePoints>
                <SequencePoint vc="0" uspid="6719" ordinal="0" offset="0" sl="38" sc="0" el="38" ec="0" bec="0" bev="0" fileid="12" />
                <SequencePoint vc="0" uspid="6720" ordinal="0" offset="1" sl="39" sc="0" el="39" ec="0" bec="0" bev="0" fileid="12" />
                <SequencePoint vc="0" uspid="6721" ordinal="0" offset="34" sl="41" sc="0" el="41" ec="0" bec="0" bev="0" fileid="12" />
                <SequencePoint vc="0" uspid="6722" ordinal="0" offset="53" sl="42" sc="0" el="42" ec="0" bec="0" bev="0" fileid="12" />
                <SequencePoint vc="0" uspid="6723" ordinal="0" offset="54" sl="43" sc="0" el="43" ec="0" bec="0" bev="0" fileid="12" />
                <SequencePoint vc="0" uspid="6724" ordinal="0" offset="61" sl="44" sc="0" el="44" ec="0" bec="0" bev="0" fileid="12" />
                <SequencePoint vc="0" uspid="6725" ordinal="0" offset="66" sl="47" sc="0" el="47" ec="0" bec="0" bev="0" fileid="12" />
                <SequencePoint vc="0" uspid="6726" ordinal="0" offset="140" sl="49" sc="0" el="49" ec="0" bec="0" bev="0" fileid="12" />
                <SequencePoint vc="0" uspid="6727" ordinal="0" offset="156" sl="50" sc="0" el="50" ec="0" bec="0" bev="0" fileid="12" />
                <SequencePoint vc="0" uspid="6728" ordinal="0" offset="157" sl="51" sc="0" el="51" ec="0" bec="0" bev="0" fileid="12" />
                <SequencePoint vc="0" uspid="6729" ordinal="0" offset="180" sl="52" sc="0" el="52" ec="0" bec="0" bev="0" fileid="12" />
                <SequencePoint vc="0" uspid="6730" ordinal="0" offset="183" sl="54" sc="0" el="54" ec="0" bec="0" bev="0" fileid="12" />
                <SequencePoint vc="0" uspid="6731" ordinal="0" offset="184" sl="55" sc="0" el="55" ec="0" bec="0" bev="0" fileid="12" />
                <SequencePoint vc="0" uspid="6732" ordinal="0" offset="206" sl="56" sc="0" el="56" ec="0" bec="0" bev="0" fileid="12" />
                <SequencePoint vc="0" uspid="6733" ordinal="0" offset="207" sl="57" sc="0" el="57" ec="0" bec="0" bev="0" fileid="12" />
              </SequencePoints>
              <BranchPoints />
            </Method>
            <Method visited="false" cyclomaticComplexity="0" nPathComplexity="0" sequenceCoverage="0.0" branchCoverage="0" crapScore="0" isConstructor="false" isStatic="false" isGetter="false" isSetter="false">
              <Summary numSequencePoints="9" visitedSequencePoints="0" numBranchPoints="0" visitedBranchPoints="0" sequenceCoverage="0.0" branchCoverage="0" maxCyclomaticComplexity="0" minCyclomaticComplexity="0" maxCrapScore="0" minCrapScore="0" visitedClasses="0" numClasses="0" visitedMethods="0" numMethods="1" />
              <MetadataToken>100663361</MetadataToken>
              <Name>System.Void Piece::ClearMoveHints()</Name>
              <FileRef uid="12" />
              <SequencePoints>
                <SequencePoint vc="0" uspid="6734" ordinal="0" offset="0" sl="60" sc="0" el="60" ec="0" bec="0" bev="0" fileid="12" />
                <SequencePoint vc="0" uspid="6735" ordinal="0" offset="1" sl="61" sc="0" el="61" ec="0" bec="0" bev="0" fileid="12" />
                <SequencePoint vc="0" uspid="6736" ordinal="0" offset="17" sl="62" sc="0" el="62" ec="0" bec="0" bev="0" fileid="12" />
                <SequencePoint vc="0" uspid="6737" ordinal="0" offset="18" sl="63" sc="0" el="63" ec="0" bec="0" bev="0" fileid="12" />
                <SequencePoint vc="0" uspid="6738" ordinal="0" offset="35" sl="64" sc="0" el="64" ec="0" bec="0" bev="0" fileid="12" />
                <SequencePoint vc="0" uspid="6739" ordinal="0" offset="38" sl="66" sc="0" el="66" ec="0" bec="0" bev="0" fileid="12" />
                <SequencePoint vc="0" uspid="6740" ordinal="0" offset="39" sl="67" sc="0" el="67" ec="0" bec="0" bev="0" fileid="12" />
                <SequencePoint vc="0" uspid="6741" ordinal="0" offset="61" sl="68" sc="0" el="68" ec="0" bec="0" bev="0" fileid="12" />
                <SequencePoint vc="0" uspid="6742" ordinal="0" offset="62" sl="69" sc="0" el="69" ec="0" bec="0" bev="0" fileid="12" />
              </SequencePoints>
              <BranchPoints />
            </Method>
            <Method visited="false" cyclomaticComplexity="0" nPathComplexity="0" sequenceCoverage="0.0" branchCoverage="0" crapScore="0" isConstructor="false" isStatic="false" isGetter="false" isSetter="false">
              <Summary numSequencePoints="3" visitedSequencePoints="0" numBranchPoints="0" visitedBranchPoints="0" sequenceCoverage="0.0" branchCoverage="0" maxCyclomaticComplexity="0" minCyclomaticComplexity="0" maxCrapScore="0" minCrapScore="0" visitedClasses="0" numClasses="0" visitedMethods="0" numMethods="1" />
              <MetadataToken>100663362</MetadataToken>
              <Name>System.String Piece::ToString()</Name>
              <FileRef uid="12" />
              <SequencePoints>
                <SequencePoint vc="0" uspid="6743" ordinal="0" offset="0" sl="72" sc="0" el="72" ec="0" bec="0" bev="0" fileid="12" />
                <SequencePoint vc="0" uspid="6744" ordinal="0" offset="1" sl="73" sc="0" el="73" ec="0" bec="0" bev="0" fileid="12" />
                <SequencePoint vc="0" uspid="6745" ordinal="0" offset="47" sl="74" sc="0" el="74" ec="0" bec="0" bev="0" fileid="12" />
              </SequencePoints>
              <BranchPoints />
            </Method>
            <Method visited="false" cyclomaticComplexity="0" nPathComplexity="0" sequenceCoverage="0.0" branchCoverage="0" crapScore="0" isConstructor="true" isStatic="false" isGetter="false" isSetter="false">
              <Summary numSequencePoints="1" visitedSequencePoints="0" numBranchPoints="0" visitedBranchPoints="0" sequenceCoverage="0.0" branchCoverage="0" maxCyclomaticComplexity="0" minCyclomaticComplexity="0" maxCrapScore="0" minCrapScore="0" visitedClasses="0" numClasses="0" visitedMethods="0" numMethods="1" />
              <MetadataToken>100663363</MetadataToken>
              <Name>Piece::Piece()</Name>
              <FileRef uid="12" />
              <SequencePoints>
                <SequencePoint vc="0" uspid="6746" ordinal="0" offset="0" sl="14" sc="5" el="14" ec="5" bec="0" bev="0" fileid="12" />
              </SequencePoints>
              <BranchPoints />
            </Method>
          </Methods>
        </Class>
        <Class>
          <Summary numSequencePoints="14" visitedSequencePoints="0" numBranchPoints="0" visitedBranchPoints="0" sequenceCoverage="0.0" branchCoverage="0.0" maxCyclomaticComplexity="0" minCyclomaticComplexity="0" maxCrapScore="0" minCrapScore="0" visitedClasses="0" numClasses="1" visitedMethods="0" numMethods="1" />
          <FullName>ArrayUtils</FullName>
          <Methods>
            <Method visited="false" cyclomaticComplexity="0" nPathComplexity="0" sequenceCoverage="0.0" branchCoverage="0" crapScore="0" isConstructor="false" isStatic="true" isGetter="false" isSetter="false">
              <Summary numSequencePoints="14" visitedSequencePoints="0" numBranchPoints="0" visitedBranchPoints="0" sequenceCoverage="0.0" branchCoverage="0" maxCyclomaticComplexity="0" minCyclomaticComplexity="0" maxCrapScore="0" minCrapScore="0" visitedClasses="0" numClasses="0" visitedMethods="0" numMethods="1" />
              <MetadataToken>100663364</MetadataToken>
              <Name>static System.String ArrayUtils::ToString(System.Int32[])</Name>
              <FileRef uid="13" />
              <SequencePoints>
                <SequencePoint vc="0" uspid="6747" ordinal="0" offset="0" sl="8" sc="5" el="8" ec="5" bec="0" bev="0" fileid="13" />
                <SequencePoint vc="0" uspid="6748" ordinal="0" offset="1" sl="9" sc="9" el="9" ec="9" bec="0" bev="0" fileid="13" />
                <SequencePoint vc="0" uspid="6749" ordinal="0" offset="12" sl="11" sc="14" el="11" ec="14" bec="0" bev="0" fileid="13" />
                <SequencePoint vc="0" uspid="6750" ordinal="0" offset="16" sl="12" sc="9" el="12" ec="9" bec="0" bev="0" fileid="13" />
                <SequencePoint vc="0" uspid="6751" ordinal="0" offset="17" sl="13" sc="13" el="13" ec="13" bec="0" bev="0" fileid="13" />
                <SequencePoint vc="0" uspid="6752" ordinal="0" offset="42" sl="14" sc="13" el="14" ec="13" bec="0" bev="0" fileid="13" />
                <SequencePoint vc="0" uspid="6753" ordinal="0" offset="54" sl="15" sc="13" el="15" ec="13" bec="0" bev="0" fileid="13" />
                <SequencePoint vc="0" uspid="6754" ordinal="0" offset="55" sl="16" sc="17" el="16" ec="17" bec="0" bev="0" fileid="13" />
                <SequencePoint vc="0" uspid="6755" ordinal="0" offset="67" sl="17" sc="13" el="17" ec="13" bec="0" bev="0" fileid="13" />
                <SequencePoint vc="0" uspid="6756" ordinal="0" offset="68" sl="18" sc="9" el="18" ec="9" bec="0" bev="0" fileid="13" />
                <SequencePoint vc="0" uspid="6757" ordinal="0" offset="69" sl="11" sc="43" el="11" ec="43" bec="0" bev="0" fileid="13" />
                <SequencePoint vc="0" uspid="6758" ordinal="0" offset="73" sl="11" sc="25" el="11" ec="25" bec="0" bev="0" fileid="13" />
                <SequencePoint vc="0" uspid="6759" ordinal="0" offset="83" sl="20" sc="9" el="20" ec="9" bec="0" bev="0" fileid="13" />
                <SequencePoint vc="0" uspid="6760" ordinal="0" offset="103" sl="21" sc="5" el="21" ec="5" bec="0" bev="0" fileid="13" />
              </SequencePoints>
              <BranchPoints />
            </Method>
          </Methods>
        </Class>
        <Class>
          <Summary numSequencePoints="6" visitedSequencePoints="0" numBranchPoints="0" visitedBranchPoints="0" sequenceCoverage="0.0" branchCoverage="0.0" maxCyclomaticComplexity="0" minCyclomaticComplexity="0" maxCrapScore="0" minCrapScore="0" visitedClasses="0" numClasses="1" visitedMethods="0" numMethods="2" />
          <FullName>GameManager/&lt;&gt;c</FullName>
          <Methods>
            <Method visited="false" cyclomaticComplexity="0" nPathComplexity="0" sequenceCoverage="0.0" branchCoverage="0" crapScore="0" isConstructor="false" isStatic="false" isGetter="false" isSetter="false">
              <Summary numSequencePoints="3" visitedSequencePoints="0" numBranchPoints="0" visitedBranchPoints="0" sequenceCoverage="0.0" branchCoverage="0" maxCyclomaticComplexity="0" minCyclomaticComplexity="0" maxCrapScore="0" minCrapScore="0" visitedClasses="0" numClasses="0" visitedMethods="0" numMethods="1" />
              <MetadataToken>100663370</MetadataToken>
              <Name>System.Void GameManager/&lt;&gt;c::&lt;Start&gt;b__6_2()</Name>
              <FileRef uid="8" />
              <SequencePoints>
                <SequencePoint vc="0" uspid="6761" ordinal="0" offset="0" sl="37" sc="0" el="37" ec="0" bec="0" bev="0" fileid="8" />
                <SequencePoint vc="0" uspid="6762" ordinal="0" offset="1" sl="38" sc="0" el="38" ec="0" bec="0" bev="0" fileid="8" />
                <SequencePoint vc="0" uspid="6763" ordinal="0" offset="12" sl="39" sc="0" el="39" ec="0" bec="0" bev="0" fileid="8" />
              </SequencePoints>
              <BranchPoints />
            </Method>
            <Method visited="false" cyclomaticComplexity="0" nPathComplexity="0" sequenceCoverage="0.0" branchCoverage="0" crapScore="0" isConstructor="false" isStatic="false" isGetter="false" isSetter="false">
              <Summary numSequencePoints="3" visitedSequencePoints="0" numBranchPoints="0" visitedBranchPoints="0" sequenceCoverage="0.0" branchCoverage="0" maxCyclomaticComplexity="0" minCyclomaticComplexity="0" maxCrapScore="0" minCrapScore="0" visitedClasses="0" numClasses="0" visitedMethods="0" numMethods="1" />
              <MetadataToken>100663371</MetadataToken>
              <Name>System.Void GameManager/&lt;&gt;c::&lt;Start&gt;b__6_3()</Name>
              <FileRef uid="8" />
              <SequencePoints>
                <SequencePoint vc="0" uspid="6764" ordinal="0" offset="0" sl="41" sc="0" el="41" ec="0" bec="0" bev="0" fileid="8" />
                <SequencePoint vc="0" uspid="6765" ordinal="0" offset="1" sl="42" sc="0" el="42" ec="0" bec="0" bev="0" fileid="8" />
                <SequencePoint vc="0" uspid="6766" ordinal="0" offset="12" sl="43" sc="0" el="43" ec="0" bec="0" bev="0" fileid="8" />
              </SequencePoints>
              <BranchPoints />
            </Method>
          </Methods>
        </Class>
        <Class>
          <Summary numSequencePoints="2" visitedSequencePoints="0" numBranchPoints="0" visitedBranchPoints="0" sequenceCoverage="0.0" branchCoverage="0.0" maxCyclomaticComplexity="0" minCyclomaticComplexity="0" maxCrapScore="0" minCrapScore="0" visitedClasses="0" numClasses="1" visitedMethods="0" numMethods="2" />
          <FullName>Piece/&lt;&gt;c</FullName>
          <Methods>
            <Method visited="false" cyclomaticComplexity="0" nPathComplexity="0" sequenceCoverage="0.0" branchCoverage="0" crapScore="0" isConstructor="false" isStatic="false" isGetter="false" isSetter="false">
              <Summary numSequencePoints="1" visitedSequencePoints="0" numBranchPoints="0" visitedBranchPoints="0" sequenceCoverage="0.0" branchCoverage="0" maxCyclomaticComplexity="0" minCyclomaticComplexity="0" maxCrapScore="0" minCrapScore="0" visitedClasses="0" numClasses="0" visitedMethods="0" numMethods="1" />
              <MetadataToken>100663374</MetadataToken>
              <Name>System.Int32 Piece/&lt;&gt;c::&lt;SetMoveHints&gt;b__7_0(MoveOption)</Name>
              <FileRef uid="12" />
              <SequencePoints>
                <SequencePoint vc="0" uspid="6767" ordinal="0" offset="0" sl="47" sc="0" el="47" ec="0" bec="0" bev="0" fileid="12" />
              </SequencePoints>
              <BranchPoints />
            </Method>
            <Method visited="false" cyclomaticComplexity="0" nPathComplexity="0" sequenceCoverage="0.0" branchCoverage="0" crapScore="0" isConstructor="false" isStatic="false" isGetter="false" isSetter="false">
              <Summary numSequencePoints="1" visitedSequencePoints="0" numBranchPoints="0" visitedBranchPoints="0" sequenceCoverage="0.0" branchCoverage="0" maxCyclomaticComplexity="0" minCyclomaticComplexity="0" maxCrapScore="0" minCrapScore="0" visitedClasses="0" numClasses="0" visitedMethods="0" numMethods="1" />
              <MetadataToken>100663375</MetadataToken>
              <Name>System.Int32 Piece/&lt;&gt;c::&lt;SetMoveHints&gt;b__7_1(System.Int32)</Name>
              <FileRef uid="12" />
              <SequencePoints>
                <SequencePoint vc="0" uspid="6768" ordinal="0" offset="0" sl="47" sc="0" el="47" ec="0" bec="0" bev="0" fileid="12" />
              </SequencePoints>
              <BranchPoints />
            </Method>
          </Methods>
        </Class>
      </Classes>
    </Module>
  </Modules>
</CoverageSession>