<?xml version="1.0" encoding="utf-8"?>
<CoverageSession xmlns:xsd="http://www.w3.org/2001/XMLSchema" xmlns:xsi="http://www.w3.org/2001/XMLSchema-instance" Version="0.0.0.0">
  <Summary numSequencePoints="140" visitedSequencePoints="136" numBranchPoints="0" visitedBranchPoints="0" sequenceCoverage="97.14" branchCoverage="0.0" maxCyclomaticComplexity="0" minCyclomaticComplexity="0" maxCrapScore="0" minCrapScore="0" visitedClasses="5" numClasses="5" visitedMethods="12" numMethods="12" />
  <Modules>
    <Module>
      <Summary numSequencePoints="140" visitedSequencePoints="136" numBranchPoints="0" visitedBranchPoints="0" sequenceCoverage="97.14" branchCoverage="0.0" maxCyclomaticComplexity="0" minCyclomaticComplexity="0" maxCrapScore="0" minCrapScore="0" visitedClasses="5" numClasses="5" visitedMethods="12" numMethods="12" />
      <ModuleTime>0001-01-01T00:00:00</ModuleTime>
      <ModuleName>Scripts</ModuleName>
      <Files>
        <File uid="1" fullPath="/Users/bennyjon/Unity/ParchisBoardGame2D/Assets/Scripts/BoardDefinition.cs" />
        <File uid="2" fullPath="/Users/bennyjon/Unity/ParchisBoardGame2D/Assets/Scripts/BoardDefinitionEditor.cs" />
        <File uid="3" fullPath="/Users/bennyjon/Unity/ParchisBoardGame2D/Assets/Scripts/BoardDefinitionGenerator.cs" />
        <File uid="4" fullPath="/Users/bennyjon/Unity/ParchisBoardGame2D/Assets/Scripts/BoardRules.cs" />
        <File uid="5" fullPath="/Users/bennyjon/Unity/ParchisBoardGame2D/Assets/Scripts/BoardView.cs" />
        <File uid="6" fullPath="/Users/bennyjon/Unity/ParchisBoardGame2D/Assets/Scripts/Clickable2D.cs" />
        <File uid="7" fullPath="/Users/bennyjon/Unity/ParchisBoardGame2D/Assets/Scripts/DiceButton.cs" />
        <File uid="8" fullPath="/Users/bennyjon/Unity/ParchisBoardGame2D/Assets/Scripts/GameManager.cs" />
        <File uid="9" fullPath="/Users/bennyjon/Unity/ParchisBoardGame2D/Assets/Scripts/GameStateMachine.cs" />
        <File uid="10" fullPath="/Users/bennyjon/Unity/ParchisBoardGame2D/Assets/Scripts/InputController.cs" />
        <File uid="11" fullPath="/Users/bennyjon/Unity/ParchisBoardGame2D/Assets/Scripts/MoveOption.cs" />
        <File uid="12" fullPath="/Users/bennyjon/Unity/ParchisBoardGame2D/Assets/Scripts/Piece.cs" />
        <File uid="13" fullPath="/Users/bennyjon/Unity/ParchisBoardGame2D/Assets/Scripts/Utils/ArrayUtils.cs" />
      </Files>
      <Classes>
        <Class>
          <Summary numSequencePoints="25" visitedSequencePoints="25" numBranchPoints="0" visitedBranchPoints="0" sequenceCoverage="100.0" branchCoverage="0.0" maxCyclomaticComplexity="0" minCyclomaticComplexity="0" maxCrapScore="0" minCrapScore="0" visitedClasses="1" numClasses="1" visitedMethods="4" numMethods="4" />
          <FullName>BoardDefinition</FullName>
          <Methods>
            <Method visited="true" cyclomaticComplexity="0" nPathComplexity="0" sequenceCoverage="100.0" branchCoverage="0" crapScore="0" isConstructor="false" isStatic="false" isGetter="false" isSetter="false">
              <Summary numSequencePoints="3" visitedSequencePoints="3" numBranchPoints="0" visitedBranchPoints="0" sequenceCoverage="100.0" branchCoverage="0" maxCyclomaticComplexity="0" minCyclomaticComplexity="0" maxCrapScore="0" minCrapScore="0" visitedClasses="0" numClasses="0" visitedMethods="1" numMethods="1" />
              <MetadataToken>100663297</MetadataToken>
              <Name>System.Int32[] BoardDefinition::GetHomeEntryTilesIndex()</Name>
              <FileRef uid="1" />
              <SequencePoints>
                <SequencePoint vc="16" uspid="6769" ordinal="0" offset="0" sl="17" sc="5" el="17" ec="5" bec="0" bev="0" fileid="1" />
                <SequencePoint vc="16" uspid="6770" ordinal="0" offset="1" sl="18" sc="9" el="18" ec="9" bec="0" bev="0" fileid="1" />
                <SequencePoint vc="16" uspid="6771" ordinal="0" offset="21" sl="19" sc="5" el="19" ec="5" bec="0" bev="0" fileid="1" />
              </SequencePoints>
              <BranchPoints />
            </Method>
            <Method visited="true" cyclomaticComplexity="0" nPathComplexity="0" sequenceCoverage="100.0" branchCoverage="0" crapScore="0" isConstructor="false" isStatic="false" isGetter="false" isSetter="false">
              <Summary numSequencePoints="3" visitedSequencePoints="3" numBranchPoints="0" visitedBranchPoints="0" sequenceCoverage="100.0" branchCoverage="0" maxCyclomaticComplexity="0" minCyclomaticComplexity="0" maxCrapScore="0" minCrapScore="0" visitedClasses="0" numClasses="0" visitedMethods="1" numMethods="1" />
              <MetadataToken>100663298</MetadataToken>
              <Name>System.Int32[] BoardDefinition::GetStartTilesIndex()</Name>
              <FileRef uid="1" />
              <SequencePoints>
                <SequencePoint vc="21" uspid="6772" ordinal="0" offset="0" sl="22" sc="5" el="22" ec="5" bec="0" bev="0" fileid="1" />
                <SequencePoint vc="21" uspid="6773" ordinal="0" offset="1" sl="23" sc="9" el="23" ec="9" bec="0" bev="0" fileid="1" />
                <SequencePoint vc="21" uspid="6774" ordinal="0" offset="21" sl="24" sc="5" el="24" ec="5" bec="0" bev="0" fileid="1" />
              </SequencePoints>
              <BranchPoints />
            </Method>
            <Method visited="true" cyclomaticComplexity="0" nPathComplexity="0" sequenceCoverage="100.0" branchCoverage="0" crapScore="0" isConstructor="false" isStatic="false" isGetter="false" isSetter="false">
              <Summary numSequencePoints="18" visitedSequencePoints="18" numBranchPoints="0" visitedBranchPoints="0" sequenceCoverage="100.0" branchCoverage="0" maxCyclomaticComplexity="0" minCyclomaticComplexity="0" maxCrapScore="0" minCrapScore="0" visitedClasses="0" numClasses="0" visitedMethods="1" numMethods="1" />
              <MetadataToken>100663299</MetadataToken>
              <Name>System.Int32[] BoardDefinition::GetFirstHomeRowTilesIndex()</Name>
              <FileRef uid="1" />
              <SequencePoints>
                <SequencePoint vc="27" uspid="6775" ordinal="0" offset="0" sl="32" sc="5" el="32" ec="5" bec="0" bev="0" fileid="1" />
                <SequencePoint vc="27" uspid="6776" ordinal="0" offset="1" sl="33" sc="9" el="33" ec="9" bec="0" bev="0" fileid="1" />
                <SequencePoint vc="27" uspid="6777" ordinal="0" offset="7" sl="35" sc="9" el="35" ec="9" bec="0" bev="0" fileid="1" />
                <SequencePoint vc="27" uspid="6778" ordinal="0" offset="9" sl="36" sc="14" el="36" ec="14" bec="0" bev="0" fileid="1" />
                <SequencePoint vc="2700" uspid="6779" ordinal="0" offset="13" sl="37" sc="9" el="37" ec="9" bec="0" bev="0" fileid="1" />
                <SequencePoint vc="2700" uspid="6780" ordinal="0" offset="14" sl="38" sc="13" el="38" ec="13" bec="0" bev="0" fileid="1" />
                <SequencePoint vc="108" uspid="6781" ordinal="0" offset="50" sl="39" sc="13" el="39" ec="13" bec="0" bev="0" fileid="1" />
                <SequencePoint vc="108" uspid="6782" ordinal="0" offset="51" sl="40" sc="17" el="40" ec="17" bec="0" bev="0" fileid="1" />
                <SequencePoint vc="108" uspid="6783" ordinal="0" offset="59" sl="41" sc="13" el="41" ec="13" bec="0" bev="0" fileid="1" />
                <SequencePoint vc="2592" uspid="6784" ordinal="0" offset="62" sl="41" sc="20" el="41" ec="20" bec="0" bev="0" fileid="1" />
                <SequencePoint vc="108" uspid="6785" ordinal="0" offset="88" sl="42" sc="13" el="42" ec="13" bec="0" bev="0" fileid="1" />
                <SequencePoint vc="108" uspid="6786" ordinal="0" offset="89" sl="43" sc="17" el="43" ec="17" bec="0" bev="0" fileid="1" />
                <SequencePoint vc="108" uspid="6787" ordinal="0" offset="93" sl="44" sc="13" el="44" ec="13" bec="0" bev="0" fileid="1" />
                <SequencePoint vc="2700" uspid="6788" ordinal="0" offset="94" sl="45" sc="9" el="45" ec="9" bec="0" bev="0" fileid="1" />
                <SequencePoint vc="2700" uspid="6789" ordinal="0" offset="95" sl="36" sc="42" el="36" ec="42" bec="0" bev="0" fileid="1" />
                <SequencePoint vc="2727" uspid="6790" ordinal="0" offset="99" sl="36" sc="25" el="36" ec="25" bec="0" bev="0" fileid="1" />
                <SequencePoint vc="27" uspid="6791" ordinal="0" offset="119" sl="47" sc="9" el="47" ec="9" bec="0" bev="0" fileid="1" />
                <SequencePoint vc="27" uspid="6792" ordinal="0" offset="129" sl="48" sc="5" el="48" ec="5" bec="0" bev="0" fileid="1" />
              </SequencePoints>
              <BranchPoints />
            </Method>
            <Method visited="true" cyclomaticComplexity="0" nPathComplexity="0" sequenceCoverage="100.0" branchCoverage="0" crapScore="0" isConstructor="true" isStatic="false" isGetter="false" isSetter="false">
              <Summary numSequencePoints="1" visitedSequencePoints="1" numBranchPoints="0" visitedBranchPoints="0" sequenceCoverage="100.0" branchCoverage="0" maxCyclomaticComplexity="0" minCyclomaticComplexity="0" maxCrapScore="0" minCrapScore="0" visitedClasses="0" numClasses="0" visitedMethods="1" numMethods="1" />
              <MetadataToken>100663300</MetadataToken>
              <Name>BoardDefinition::BoardDefinition()</Name>
              <FileRef uid="1" />
              <SequencePoints>
                <SequencePoint vc="16" uspid="6793" ordinal="0" offset="0" sl="14" sc="5" el="14" ec="5" bec="0" bev="0" fileid="1" />
              </SequencePoints>
              <BranchPoints />
            </Method>
          </Methods>
        </Class>
        <Class>
          <Summary numSequencePoints="43" visitedSequencePoints="40" numBranchPoints="0" visitedBranchPoints="0" sequenceCoverage="93.02" branchCoverage="0.0" maxCyclomaticComplexity="0" minCyclomaticComplexity="0" maxCrapScore="0" minCrapScore="0" visitedClasses="1" numClasses="1" visitedMethods="3" numMethods="3" />
          <FullName>BoardDefinitionGenerator</FullName>
          <Methods>
            <Method visited="true" cyclomaticComplexity="0" nPathComplexity="0" sequenceCoverage="100.0" branchCoverage="0" crapScore="0" isConstructor="false" isStatic="true" isGetter="false" isSetter="false">
              <Summary numSequencePoints="26" visitedSequencePoints="26" numBranchPoints="0" visitedBranchPoints="0" sequenceCoverage="100.0" branchCoverage="0" maxCyclomaticComplexity="0" minCyclomaticComplexity="0" maxCrapScore="0" minCrapScore="0" visitedClasses="0" numClasses="0" visitedMethods="1" numMethods="1" />
              <MetadataToken>100663304</MetadataToken>
              <Name>static System.Void BoardDefinitionGenerator::GenerateFullBoard(BoardDefinition)</Name>
              <FileRef uid="3" />
              <SequencePoints>
                <SequencePoint vc="16" uspid="6808" ordinal="0" offset="0" sl="6" sc="5" el="6" ec="5" bec="0" bev="0" fileid="3" />
                <SequencePoint vc="16" uspid="6809" ordinal="0" offset="1" sl="7" sc="9" el="7" ec="9" bec="0" bev="0" fileid="3" />
                <SequencePoint vc="16" uspid="6810" ordinal="0" offset="13" sl="9" sc="14" el="9" ec="14" bec="0" bev="0" fileid="3" />
                <SequencePoint vc="1600" uspid="6811" ordinal="0" offset="17" sl="10" sc="9" el="10" ec="9" bec="0" bev="0" fileid="3" />
                <SequencePoint vc="1600" uspid="6812" ordinal="0" offset="18" sl="11" sc="13" el="11" ec="13" bec="0" bev="0" fileid="3" />
                <SequencePoint vc="1600" uspid="6813" ordinal="0" offset="56" sl="17" sc="9" el="17" ec="9" bec="0" bev="0" fileid="3" />
                <SequencePoint vc="1600" uspid="6814" ordinal="0" offset="57" sl="9" sc="58" el="9" ec="58" bec="0" bev="0" fileid="3" />
                <SequencePoint vc="1616" uspid="6815" ordinal="0" offset="61" sl="9" sc="25" el="9" ec="25" bec="0" bev="0" fileid="3" />
                <SequencePoint vc="16" uspid="6816" ordinal="0" offset="73" sl="20" sc="9" el="20" ec="9" bec="0" bev="0" fileid="3" />
                <SequencePoint vc="16" uspid="6817" ordinal="0" offset="83" sl="21" sc="9" el="21" ec="9" bec="0" bev="0" fileid="3" />
                <SequencePoint vc="16" uspid="6818" ordinal="0" offset="94" sl="22" sc="9" el="22" ec="9" bec="0" bev="0" fileid="3" />
                <SequencePoint vc="16" uspid="6819" ordinal="0" offset="105" sl="23" sc="9" el="23" ec="9" bec="0" bev="0" fileid="3" />
                <SequencePoint vc="16" uspid="6820" ordinal="0" offset="116" sl="26" sc="9" el="26" ec="9" bec="0" bev="0" fileid="3" />
                <SequencePoint vc="16" uspid="6821" ordinal="0" offset="127" sl="27" sc="9" el="27" ec="9" bec="0" bev="0" fileid="3" />
                <SequencePoint vc="16" uspid="6822" ordinal="0" offset="138" sl="28" sc="9" el="28" ec="9" bec="0" bev="0" fileid="3" />
                <SequencePoint vc="16" uspid="6823" ordinal="0" offset="149" sl="29" sc="9" el="29" ec="9" bec="0" bev="0" fileid="3" />
                <SequencePoint vc="16" uspid="6824" ordinal="0" offset="160" sl="32" sc="9" el="32" ec="9" bec="0" bev="0" fileid="3" />
                <SequencePoint vc="16" uspid="6825" ordinal="0" offset="171" sl="33" sc="9" el="33" ec="9" bec="0" bev="0" fileid="3" />
                <SequencePoint vc="16" uspid="6826" ordinal="0" offset="182" sl="34" sc="9" el="34" ec="9" bec="0" bev="0" fileid="3" />
                <SequencePoint vc="16" uspid="6827" ordinal="0" offset="193" sl="35" sc="9" el="35" ec="9" bec="0" bev="0" fileid="3" />
                <SequencePoint vc="16" uspid="6828" ordinal="0" offset="204" sl="38" sc="9" el="38" ec="9" bec="0" bev="0" fileid="3" />
                <SequencePoint vc="16" uspid="6829" ordinal="0" offset="214" sl="39" sc="9" el="39" ec="9" bec="0" bev="0" fileid="3" />
                <SequencePoint vc="16" uspid="6830" ordinal="0" offset="224" sl="40" sc="9" el="40" ec="9" bec="0" bev="0" fileid="3" />
                <SequencePoint vc="16" uspid="6831" ordinal="0" offset="234" sl="41" sc="9" el="41" ec="9" bec="0" bev="0" fileid="3" />
                <SequencePoint vc="16" uspid="6832" ordinal="0" offset="244" sl="43" sc="9" el="43" ec="9" bec="0" bev="0" fileid="3" />
                <SequencePoint vc="16" uspid="6833" ordinal="0" offset="270" sl="44" sc="5" el="44" ec="5" bec="0" bev="0" fileid="3" />
              </SequencePoints>
              <BranchPoints />
            </Method>
            <Method visited="true" cyclomaticComplexity="0" nPathComplexity="0" sequenceCoverage="62.50" branchCoverage="0" crapScore="0" isConstructor="false" isStatic="true" isGetter="false" isSetter="false">
              <Summary numSequencePoints="8" visitedSequencePoints="5" numBranchPoints="0" visitedBranchPoints="0" sequenceCoverage="62.50" branchCoverage="0" maxCyclomaticComplexity="0" minCyclomaticComplexity="0" maxCrapScore="0" minCrapScore="0" visitedClasses="0" numClasses="0" visitedMethods="1" numMethods="1" />
              <MetadataToken>100663305</MetadataToken>
              <Name>static System.Void BoardDefinitionGenerator::SetTile(BoardDefinition, System.Int32, TileType, System.Int32)</Name>
              <FileRef uid="3" />
              <SequencePoints>
                <SequencePoint vc="704" uspid="6834" ordinal="0" offset="0" sl="47" sc="5" el="47" ec="5" bec="0" bev="0" fileid="3" />
                <SequencePoint vc="704" uspid="6835" ordinal="0" offset="1" sl="48" sc="9" el="48" ec="9" bec="0" bev="0" fileid="3" />
                <SequencePoint vc="0" uspid="6836" ordinal="0" offset="29" sl="49" sc="9" el="49" ec="9" bec="0" bev="0" fileid="3" />
                <SequencePoint vc="0" uspid="6837" ordinal="0" offset="30" sl="50" sc="13" el="50" ec="13" bec="0" bev="0" fileid="3" />
                <SequencePoint vc="0" uspid="6838" ordinal="0" offset="64" sl="51" sc="9" el="51" ec="9" bec="0" bev="0" fileid="3" />
                <SequencePoint vc="704" uspid="6839" ordinal="0" offset="65" sl="53" sc="9" el="53" ec="9" bec="0" bev="0" fileid="3" />
                <SequencePoint vc="704" uspid="6840" ordinal="0" offset="83" sl="54" sc="9" el="54" ec="9" bec="0" bev="0" fileid="3" />
                <SequencePoint vc="704" uspid="6841" ordinal="0" offset="101" sl="55" sc="5" el="55" ec="5" bec="0" bev="0" fileid="3" />
              </SequencePoints>
              <BranchPoints />
            </Method>
            <Method visited="true" cyclomaticComplexity="0" nPathComplexity="0" sequenceCoverage="100.0" branchCoverage="0" crapScore="0" isConstructor="false" isStatic="true" isGetter="false" isSetter="false">
              <Summary numSequencePoints="9" visitedSequencePoints="9" numBranchPoints="0" visitedBranchPoints="0" sequenceCoverage="100.0" branchCoverage="0" maxCyclomaticComplexity="0" minCyclomaticComplexity="0" maxCrapScore="0" minCrapScore="0" visitedClasses="0" numClasses="0" visitedMethods="1" numMethods="1" />
              <MetadataToken>100663306</MetadataToken>
              <Name>static System.Void BoardDefinitionGenerator::SetHomeColumTilesFrom(BoardDefinition, System.Int32, System.Int32)</Name>
              <FileRef uid="3" />
              <SequencePoints>
                <SequencePoint vc="64" uspid="6842" ordinal="0" offset="0" sl="58" sc="5" el="58" ec="5" bec="0" bev="0" fileid="3" />
                <SequencePoint vc="64" uspid="6843" ordinal="0" offset="1" sl="59" sc="14" el="59" ec="14" bec="0" bev="0" fileid="3" />
                <SequencePoint vc="448" uspid="6844" ordinal="0" offset="5" sl="60" sc="9" el="60" ec="9" bec="0" bev="0" fileid="3" />
                <SequencePoint vc="448" uspid="6845" ordinal="0" offset="6" sl="61" sc="13" el="61" ec="13" bec="0" bev="0" fileid="3" />
                <SequencePoint vc="448" uspid="6846" ordinal="0" offset="18" sl="62" sc="9" el="62" ec="9" bec="0" bev="0" fileid="3" />
                <SequencePoint vc="448" uspid="6847" ordinal="0" offset="19" sl="59" sc="65" el="59" ec="65" bec="0" bev="0" fileid="3" />
                <SequencePoint vc="512" uspid="6848" ordinal="0" offset="23" sl="59" sc="25" el="59" ec="25" bec="0" bev="0" fileid="3" />
                <SequencePoint vc="64" uspid="6849" ordinal="0" offset="37" sl="64" sc="9" el="64" ec="9" bec="0" bev="0" fileid="3" />
                <SequencePoint vc="64" uspid="6850" ordinal="0" offset="55" sl="65" sc="5" el="65" ec="5" bec="0" bev="0" fileid="3" />
              </SequencePoints>
              <BranchPoints />
            </Method>
          </Methods>
        </Class>
        <Class>
          <Summary numSequencePoints="57" visitedSequencePoints="56" numBranchPoints="0" visitedBranchPoints="0" sequenceCoverage="98.25" branchCoverage="0.0" maxCyclomaticComplexity="0" minCyclomaticComplexity="0" maxCrapScore="0" minCrapScore="0" visitedClasses="1" numClasses="1" visitedMethods="3" numMethods="3" />
          <FullName>BoardRules</FullName>
          <Methods>
            <Method visited="true" cyclomaticComplexity="0" nPathComplexity="0" sequenceCoverage="100.0" branchCoverage="0" crapScore="0" isConstructor="false" isStatic="false" isGetter="false" isSetter="false">
              <Summary numSequencePoints="1" visitedSequencePoints="1" numBranchPoints="0" visitedBranchPoints="0" sequenceCoverage="100.0" branchCoverage="0" maxCyclomaticComplexity="0" minCyclomaticComplexity="0" maxCrapScore="0" minCrapScore="0" visitedClasses="0" numClasses="0" visitedMethods="1" numMethods="1" />
              <MetadataToken>100663309</MetadataToken>
              <Name>System.Int32 BoardRules::GetStartTile(System.Int32)</Name>
              <FileRef uid="4" />
              <SequencePoints>
                <SequencePoint vc="8" uspid="6851" ordinal="0" offset="0" sl="27" sc="49" el="27" ec="49" bec="0" bev="0" fileid="4" />
              </SequencePoints>
              <BranchPoints />
            </Method>
            <Method visited="true" cyclomaticComplexity="0" nPathComplexity="0" sequenceCoverage="97.83" branchCoverage="0" crapScore="0" isConstructor="false" isStatic="false" isGetter="false" isSetter="false">
              <Summary numSequencePoints="46" visitedSequencePoints="45" numBranchPoints="0" visitedBranchPoints="0" sequenceCoverage="97.83" branchCoverage="0" maxCyclomaticComplexity="0" minCyclomaticComplexity="0" maxCrapScore="0" minCrapScore="0" visitedClasses="0" numClasses="0" visitedMethods="1" numMethods="1" />
              <MetadataToken>100663310</MetadataToken>
              <Name>System.Int32 BoardRules::TryGetTargetTileIndex(Piece, System.Int32)</Name>
              <FileRef uid="4" />
              <SequencePoints>
                <SequencePoint vc="67" uspid="6852" ordinal="0" offset="0" sl="31" sc="5" el="31" ec="5" bec="0" bev="0" fileid="4" />
                <SequencePoint vc="67" uspid="6853" ordinal="0" offset="1" sl="32" sc="9" el="32" ec="9" bec="0" bev="0" fileid="4" />
                <SequencePoint vc="67" uspid="6854" ordinal="0" offset="8" sl="35" sc="9" el="35" ec="9" bec="0" bev="0" fileid="4" />
                <SequencePoint vc="24" uspid="6855" ordinal="0" offset="23" sl="36" sc="9" el="36" ec="9" bec="0" bev="0" fileid="4" />
                <SequencePoint vc="24" uspid="6856" ordinal="0" offset="24" sl="37" sc="13" el="37" ec="13" bec="0" bev="0" fileid="4" />
                <SequencePoint vc="0" uspid="6857" ordinal="0" offset="37" sl="37" sc="29" el="37" ec="29" bec="0" bev="0" fileid="4" />
                <SequencePoint vc="24" uspid="6858" ordinal="0" offset="49" sl="38" sc="13" el="38" ec="13" bec="0" bev="0" fileid="4" />
                <SequencePoint vc="4" uspid="6859" ordinal="0" offset="63" sl="39" sc="13" el="39" ec="13" bec="0" bev="0" fileid="4" />
                <SequencePoint vc="4" uspid="6860" ordinal="0" offset="64" sl="40" sc="17" el="40" ec="17" bec="0" bev="0" fileid="4" />
                <SequencePoint vc="20" uspid="6861" ordinal="0" offset="83" sl="43" sc="13" el="43" ec="13" bec="0" bev="0" fileid="4" />
                <SequencePoint vc="43" uspid="6862" ordinal="0" offset="95" sl="46" sc="9" el="46" ec="9" bec="0" bev="0" fileid="4" />
                <SequencePoint vc="43" uspid="6863" ordinal="0" offset="102" sl="47" sc="9" el="47" ec="9" bec="0" bev="0" fileid="4" />
                <SequencePoint vc="43" uspid="6864" ordinal="0" offset="120" sl="50" sc="9" el="50" ec="9" bec="0" bev="0" fileid="4" />
                <SequencePoint vc="4" uspid="6865" ordinal="0" offset="135" sl="51" sc="9" el="51" ec="9" bec="0" bev="0" fileid="4" />
                <SequencePoint vc="4" uspid="6866" ordinal="0" offset="136" sl="52" sc="13" el="52" ec="13" bec="0" bev="0" fileid="4" />
                <SequencePoint vc="39" uspid="6867" ordinal="0" offset="148" sl="56" sc="9" el="56" ec="9" bec="0" bev="0" fileid="4" />
                <SequencePoint vc="8" uspid="6868" ordinal="0" offset="163" sl="57" sc="9" el="57" ec="9" bec="0" bev="0" fileid="4" />
                <SequencePoint vc="8" uspid="6869" ordinal="0" offset="164" sl="58" sc="13" el="58" ec="13" bec="0" bev="0" fileid="4" />
                <SequencePoint vc="8" uspid="6870" ordinal="0" offset="174" sl="59" sc="13" el="59" ec="13" bec="0" bev="0" fileid="4" />
                <SequencePoint vc="8" uspid="6871" ordinal="0" offset="180" sl="60" sc="13" el="60" ec="13" bec="0" bev="0" fileid="4" />
                <SequencePoint vc="8" uspid="6872" ordinal="0" offset="186" sl="62" sc="13" el="62" ec="13" bec="0" bev="0" fileid="4" />
                <SequencePoint vc="1" uspid="6873" ordinal="0" offset="203" sl="63" sc="13" el="63" ec="13" bec="0" bev="0" fileid="4" />
                <SequencePoint vc="1" uspid="6874" ordinal="0" offset="204" sl="64" sc="17" el="64" ec="17" bec="0" bev="0" fileid="4" />
                <SequencePoint vc="7" uspid="6875" ordinal="0" offset="216" sl="67" sc="13" el="67" ec="13" bec="0" bev="0" fileid="4" />
                <SequencePoint vc="31" uspid="6876" ordinal="0" offset="228" sl="71" sc="9" el="71" ec="9" bec="0" bev="0" fileid="4" />
                <SequencePoint vc="31" uspid="6877" ordinal="0" offset="230" sl="72" sc="14" el="72" ec="14" bec="0" bev="0" fileid="4" />
                <SequencePoint vc="640" uspid="6878" ordinal="0" offset="235" sl="73" sc="9" el="73" ec="9" bec="0" bev="0" fileid="4" />
                <SequencePoint vc="640" uspid="6879" ordinal="0" offset="236" sl="74" sc="13" el="74" ec="13" bec="0" bev="0" fileid="4" />
                <SequencePoint vc="22" uspid="6880" ordinal="0" offset="253" sl="75" sc="13" el="75" ec="13" bec="0" bev="0" fileid="4" />
                <SequencePoint vc="22" uspid="6881" ordinal="0" offset="254" sl="76" sc="17" el="76" ec="17" bec="0" bev="0" fileid="4" />
                <SequencePoint vc="22" uspid="6882" ordinal="0" offset="263" sl="77" sc="13" el="77" ec="13" bec="0" bev="0" fileid="4" />
                <SequencePoint vc="618" uspid="6883" ordinal="0" offset="266" sl="78" sc="18" el="78" ec="18" bec="0" bev="0" fileid="4" />
                <SequencePoint vc="412" uspid="6884" ordinal="0" offset="280" sl="79" sc="13" el="79" ec="13" bec="0" bev="0" fileid="4" />
                <SequencePoint vc="412" uspid="6885" ordinal="0" offset="281" sl="80" sc="17" el="80" ec="17" bec="0" bev="0" fileid="4" />
                <SequencePoint vc="412" uspid="6886" ordinal="0" offset="291" sl="81" sc="13" el="81" ec="13" bec="0" bev="0" fileid="4" />
                <SequencePoint vc="206" uspid="6887" ordinal="0" offset="294" sl="82" sc="13" el="82" ec="13" bec="0" bev="0" fileid="4" />
                <SequencePoint vc="206" uspid="6888" ordinal="0" offset="295" sl="83" sc="17" el="83" ec="17" bec="0" bev="0" fileid="4" />
                <SequencePoint vc="206" uspid="6889" ordinal="0" offset="299" sl="84" sc="13" el="84" ec="13" bec="0" bev="0" fileid="4" />
                <SequencePoint vc="640" uspid="6890" ordinal="0" offset="300" sl="85" sc="9" el="85" ec="9" bec="0" bev="0" fileid="4" />
                <SequencePoint vc="640" uspid="6891" ordinal="0" offset="301" sl="72" sc="36" el="72" ec="36" bec="0" bev="0" fileid="4" />
                <SequencePoint vc="671" uspid="6892" ordinal="0" offset="307" sl="72" sc="25" el="72" ec="25" bec="0" bev="0" fileid="4" />
                <SequencePoint vc="31" uspid="6893" ordinal="0" offset="318" sl="87" sc="9" el="87" ec="9" bec="0" bev="0" fileid="4" />
                <SequencePoint vc="1" uspid="6894" ordinal="0" offset="343" sl="88" sc="9" el="88" ec="9" bec="0" bev="0" fileid="4" />
                <SequencePoint vc="1" uspid="6895" ordinal="0" offset="344" sl="89" sc="13" el="89" ec="13" bec="0" bev="0" fileid="4" />
                <SequencePoint vc="30" uspid="6896" ordinal="0" offset="353" sl="92" sc="9" el="92" ec="9" bec="0" bev="0" fileid="4" />
                <SequencePoint vc="67" uspid="6897" ordinal="0" offset="358" sl="93" sc="5" el="93" ec="5" bec="0" bev="0" fileid="4" />
              </SequencePoints>
              <BranchPoints />
            </Method>
            <Method visited="true" cyclomaticComplexity="0" nPathComplexity="0" sequenceCoverage="100.0" branchCoverage="0" crapScore="0" isConstructor="true" isStatic="false" isGetter="false" isSetter="false">
              <Summary numSequencePoints="10" visitedSequencePoints="10" numBranchPoints="0" visitedBranchPoints="0" sequenceCoverage="100.0" branchCoverage="0" maxCyclomaticComplexity="0" minCyclomaticComplexity="0" maxCrapScore="0" minCrapScore="0" visitedClasses="0" numClasses="0" visitedMethods="1" numMethods="1" />
              <MetadataToken>100663308</MetadataToken>
              <Name>BoardRules::BoardRules(BoardDefinition)</Name>
              <FileRef uid="4" />
              <SequencePoints>
                <SequencePoint vc="16" uspid="6898" ordinal="0" offset="0" sl="14" sc="5" el="14" ec="5" bec="0" bev="0" fileid="4" />
                <SequencePoint vc="16" uspid="6899" ordinal="0" offset="7" sl="15" sc="5" el="15" ec="5" bec="0" bev="0" fileid="4" />
                <SequencePoint vc="16" uspid="6900" ordinal="0" offset="8" sl="16" sc="9" el="16" ec="9" bec="0" bev="0" fileid="4" />
                <SequencePoint vc="16" uspid="6901" ordinal="0" offset="15" sl="18" sc="9" el="18" ec="9" bec="0" bev="0" fileid="4" />
                <SequencePoint vc="16" uspid="6902" ordinal="0" offset="27" sl="19" sc="9" el="19" ec="9" bec="0" bev="0" fileid="4" />
                <SequencePoint vc="16" uspid="6903" ordinal="0" offset="39" sl="20" sc="9" el="20" ec="9" bec="0" bev="0" fileid="4" />
                <SequencePoint vc="16" uspid="6904" ordinal="0" offset="51" sl="22" sc="9" el="22" ec="9" bec="0" bev="0" fileid="4" />
                <SequencePoint vc="16" uspid="6905" ordinal="0" offset="78" sl="23" sc="9" el="23" ec="9" bec="0" bev="0" fileid="4" />
                <SequencePoint vc="16" uspid="6906" ordinal="0" offset="105" sl="24" sc="9" el="24" ec="9" bec="0" bev="0" fileid="4" />
                <SequencePoint vc="16" uspid="6907" ordinal="0" offset="132" sl="25" sc="5" el="25" ec="5" bec="0" bev="0" fileid="4" />
              </SequencePoints>
              <BranchPoints />
            </Method>
          </Methods>
        </Class>
        <Class>
          <Summary numSequencePoints="1" visitedSequencePoints="1" numBranchPoints="0" visitedBranchPoints="0" sequenceCoverage="100.0" branchCoverage="0.0" maxCyclomaticComplexity="0" minCyclomaticComplexity="0" maxCrapScore="0" minCrapScore="0" visitedClasses="1" numClasses="1" visitedMethods="1" numMethods="1" />
          <FullName>Piece</FullName>
          <Methods>
            <Method visited="true" cyclomaticComplexity="0" nPathComplexity="0" sequenceCoverage="100.0" branchCoverage="0" crapScore="0" isConstructor="true" isStatic="false" isGetter="false" isSetter="false">
              <Summary numSequencePoints="1" visitedSequencePoints="1" numBranchPoints="0" visitedBranchPoints="0" sequenceCoverage="100.0" branchCoverage="0" maxCyclomaticComplexity="0" minCyclomaticComplexity="0" maxCrapScore="0" minCrapScore="0" visitedClasses="0" numClasses="0" visitedMethods="1" numMethods="1" />
              <MetadataToken>100663363</MetadataToken>
              <Name>Piece::Piece()</Name>
              <FileRef uid="12" />
              <SequencePoints>
                <SequencePoint vc="47" uspid="7352" ordinal="0" offset="0" sl="14" sc="5" el="14" ec="5" bec="0" bev="0" fileid="12" />
              </SequencePoints>
              <BranchPoints />
            </Method>
          </Methods>
        </Class>
        <Class>
          <Summary numSequencePoints="14" visitedSequencePoints="14" numBranchPoints="0" visitedBranchPoints="0" sequenceCoverage="100.0" branchCoverage="0.0" maxCyclomaticComplexity="0" minCyclomaticComplexity="0" maxCrapScore="0" minCrapScore="0" visitedClasses="1" numClasses="1" visitedMethods="1" numMethods="1" />
          <FullName>ArrayUtils</FullName>
          <Methods>
            <Method visited="true" cyclomaticComplexity="0" nPathComplexity="0" sequenceCoverage="100.0" branchCoverage="0" crapScore="0" isConstructor="false" isStatic="true" isGetter="false" isSetter="false">
              <Summary numSequencePoints="14" visitedSequencePoints="14" numBranchPoints="0" visitedBranchPoints="0" sequenceCoverage="100.0" branchCoverage="0" maxCyclomaticComplexity="0" minCyclomaticComplexity="0" maxCrapScore="0" minCrapScore="0" visitedClasses="0" numClasses="0" visitedMethods="1" numMethods="1" />
              <MetadataToken>100663364</MetadataToken>
              <Name>static System.String ArrayUtils::ToString(System.Int32[])</Name>
              <FileRef uid="13" />
              <SequencePoints>
                <SequencePoint vc="48" uspid="7353" ordinal="0" offset="0" sl="8" sc="5" el="8" ec="5" bec="0" bev="0" fileid="13" />
                <SequencePoint vc="48" uspid="7354" ordinal="0" offset="1" sl="9" sc="9" el="9" ec="9" bec="0" bev="0" fileid="13" />
                <SequencePoint vc="48" uspid="7355" ordinal="0" offset="12" sl="11" sc="14" el="11" ec="14" bec="0" bev="0" fileid="13" />
                <SequencePoint vc="192" uspid="7356" ordinal="0" offset="16" sl="12" sc="9" el="12" ec="9" bec="0" bev="0" fileid="13" />
                <SequencePoint vc="192" uspid="7357" ordinal="0" offset="17" sl="13" sc="13" el="13" ec="13" bec="0" bev="0" fileid="13" />
                <SequencePoint vc="192" uspid="7358" ordinal="0" offset="42" sl="14" sc="13" el="14" ec="13" bec="0" bev="0" fileid="13" />
                <SequencePoint vc="144" uspid="7359" ordinal="0" offset="54" sl="15" sc="13" el="15" ec="13" bec="0" bev="0" fileid="13" />
                <SequencePoint vc="144" uspid="7360" ordinal="0" offset="55" sl="16" sc="17" el="16" ec="17" bec="0" bev="0" fileid="13" />
                <SequencePoint vc="144" uspid="7361" ordinal="0" offset="67" sl="17" sc="13" el="17" ec="13" bec="0" bev="0" fileid="13" />
                <SequencePoint vc="192" uspid="7362" ordinal="0" offset="68" sl="18" sc="9" el="18" ec="9" bec="0" bev="0" fileid="13" />
                <SequencePoint vc="192" uspid="7363" ordinal="0" offset="69" sl="11" sc="43" el="11" ec="43" bec="0" bev="0" fileid="13" />
                <SequencePoint vc="240" uspid="7364" ordinal="0" offset="73" sl="11" sc="25" el="11" ec="25" bec="0" bev="0" fileid="13" />
                <SequencePoint vc="48" uspid="7365" ordinal="0" offset="83" sl="20" sc="9" el="20" ec="9" bec="0" bev="0" fileid="13" />
                <SequencePoint vc="48" uspid="7366" ordinal="0" offset="103" sl="21" sc="5" el="21" ec="5" bec="0" bev="0" fileid="13" />
              </SequencePoints>
              <BranchPoints />
            </Method>
          </Methods>
        </Class>
      </Classes>
    </Module>
  </Modules>
</CoverageSession>